Release 14.2 - xst P.28xd (nt64)
Copyright (c) 1995-2012 Xilinx, Inc.  All rights reserved.
--> Parameter TMPDIR set to xst/projnav.tmp


Total REAL time to Xst completion: 1.00 secs
Total CPU time to Xst completion: 0.14 secs
 
--> Parameter xsthdpdir set to xst


Total REAL time to Xst completion: 1.00 secs
Total CPU time to Xst completion: 0.14 secs
 
--> Reading design: binary_counter.prj

TABLE OF CONTENTS
  1) Synthesis Options Summary
  2) HDL Compilation
  3) Design Hierarchy Analysis
  4) HDL Analysis
  5) HDL Synthesis
     5.1) HDL Synthesis Report
  6) Advanced HDL Synthesis
     6.1) Advanced HDL Synthesis Report
  7) Low Level Synthesis
  8) Partition Report
  9) Final Report
	9.1) Device utilization summary
	9.2) Partition Resource Summary
	9.3) TIMING REPORT


=========================================================================
*                      Synthesis Options Summary                        *
=========================================================================
---- Source Parameters
Input File Name                    : "binary_counter.prj"
Input Format                       : mixed
Ignore Synthesis Constraint File   : NO

---- Target Parameters
Output File Name                   : "binary_counter"
Output Format                      : NGC
Target Device                      : xc3s250e-5-vq100

---- Source Options
Top Module Name                    : binary_counter
Automatic FSM Extraction           : YES
FSM Encoding Algorithm             : Auto
Safe Implementation                : No
FSM Style                          : LUT
RAM Extraction                     : Yes
RAM Style                          : Auto
ROM Extraction                     : Yes
Mux Style                          : Auto
Decoder Extraction                 : YES
Priority Encoder Extraction        : Yes
Shift Register Extraction          : YES
Logical Shifter Extraction         : YES
XOR Collapsing                     : YES
ROM Style                          : Auto
Mux Extraction                     : Yes
Resource Sharing                   : YES
Asynchronous To Synchronous        : NO
Multiplier Style                   : Auto
Automatic Register Balancing       : No

---- Target Options
Add IO Buffers                     : YES
Global Maximum Fanout              : 100000
Add Generic Clock Buffer(BUFG)     : 24
Register Duplication               : YES
Slice Packing                      : YES
Optimize Instantiated Primitives   : NO
Use Clock Enable                   : Yes
Use Synchronous Set                : Yes
Use Synchronous Reset              : Yes
Pack IO Registers into IOBs        : Auto
Equivalent register Removal        : YES

---- General Options
Optimization Goal                  : Speed
Optimization Effort                : 1
Keep Hierarchy                     : No
Netlist Hierarchy                  : As_Optimized
RTL Output                         : Yes
Global Optimization                : AllClockNets
Read Cores                         : YES
Write Timing Constraints           : NO
Cross Clock Analysis               : NO
Hierarchy Separator                : /
Bus Delimiter                      : <>
Case Specifier                     : Maintain
Slice Utilization Ratio            : 100
BRAM Utilization Ratio             : 100
Verilog 2001                       : YES
Auto BRAM Packing                  : NO
Slice Utilization Ratio Delta      : 5

=========================================================================


=========================================================================
*                          HDL Compilation                              *
=========================================================================
Compiling vhdl file "D:/GitHub/VHDL_Modules/Book_examples/Binary_Counter/binary_counter.vhd" in Library work.
Architecture behavioral of Entity binary_counter is up to date.

=========================================================================
*                     Design Hierarchy Analysis                         *
=========================================================================
Analyzing hierarchy for entity <binary_counter> in library <work> (architecture <behavioral>) with generics.
	N = 8


=========================================================================
*                            HDL Analysis                               *
=========================================================================
Analyzing generic Entity <binary_counter> in library <work> (Architecture <behavioral>).
	N = 8
Entity <binary_counter> analyzed. Unit <binary_counter> generated.


=========================================================================
*                           HDL Synthesis                               *
=========================================================================

Performing bidirectional port resolution...

Synthesizing Unit <binary_counter>.
    Related source file is "D:/GitHub/VHDL_Modules/Book_examples/Binary_Counter/binary_counter.vhd".
    Found 8-bit up counter for signal <r_reg>.
    Summary:
	inferred   1 Counter(s).
Unit <binary_counter> synthesized.


=========================================================================
HDL Synthesis Report

Macro Statistics
# Counters                                             : 1
 8-bit up counter                                      : 1

=========================================================================

=========================================================================
*                       Advanced HDL Synthesis                          *
=========================================================================


=========================================================================
Advanced HDL Synthesis Report

Macro Statistics
# Counters                                             : 1
 8-bit up counter                                      : 1

=========================================================================

=========================================================================
*                         Low Level Synthesis                           *
=========================================================================

Optimizing unit <binary_counter> ...

Mapping all equations...
Building and optimizing final netlist ...
Found area constraint ratio of 100 (+ 5) on block binary_counter, actual ratio is 0.

Final Macro Processing ...

=========================================================================
Final Register Report

Macro Statistics
# Registers                                            : 8
 Flip-Flops                                            : 8

=========================================================================

=========================================================================
*                           Partition Report                            *
=========================================================================

Partition Implementation Status
-------------------------------

  No Partitions were found in this design.

-------------------------------

=========================================================================
*                            Final Report                               *
=========================================================================
Final Results
RTL Top Level Output File Name     : binary_counter.ngr
Top Level Output File Name         : binary_counter
Output Format                      : NGC
Optimization Goal                  : Speed
Keep Hierarchy                     : No

Design Statistics
# IOs                              : 11

Cell Usage :
# BELS                             : 28
#      GND                         : 1
#      INV                         : 1
#      LUT1                        : 7
#      LUT2                        : 1
#      LUT4                        : 2
#      MUXCY                       : 7
#      VCC                         : 1
#      XORCY                       : 8
# FlipFlops/Latches                : 8
#      FDC                         : 8
# Clock Buffers                    : 1
#      BUFGP                       : 1
# IO Buffers                       : 10
#      IBUF                        : 1
#      OBUF                        : 9
=========================================================================

Device utilization summary:
---------------------------

Selected Device : 3s250evq100-5 

 Number of Slices:                        6  out of   2448     0%  
 Number of Slice Flip Flops:              8  out of   4896     0%  
 Number of 4 input LUTs:                 11  out of   4896     0%  
 Number of IOs:                          11
 Number of bonded IOBs:                  11  out of     66    16%  
 Number of GCLKs:                         1  out of     24     4%  

---------------------------
Partition Resource Summary:
---------------------------

  No Partitions were found in this design.

---------------------------


=========================================================================
TIMING REPORT

NOTE: THESE TIMING NUMBERS ARE ONLY A SYNTHESIS ESTIMATE.
      FOR ACCURATE TIMING INFORMATION PLEASE REFER TO THE TRACE REPORT
      GENERATED AFTER PLACE-and-ROUTE.

Clock Information:
------------------
-----------------------------------+------------------------+-------+
Clock Signal                       | Clock buffer(FF name)  | Load  |
-----------------------------------+------------------------+-------+
CLK                                | BUFGP                  | 8     |
-----------------------------------+------------------------+-------+

Asynchronous Control Signals Information:
----------------------------------------
-----------------------------------+------------------------+-------+
Control Signal                     | Buffer(FF name)        | Load  |
-----------------------------------+------------------------+-------+
RESET                              | IBUF                   | 8     |
-----------------------------------+------------------------+-------+

Timing Summary:
---------------
Speed Grade: -5

   Minimum period: 3.358ns (Maximum Frequency: 297.810MHz)
   Minimum input arrival time before clock: No path found
   Maximum output required time after clock: 6.376ns
   Maximum combinational path delay: No path found

Timing Detail:
--------------
All values displayed in nanoseconds (ns)

=========================================================================
Timing constraint: Default period analysis for Clock 'CLK'
  Clock period: 3.358ns (frequency: 297.810MHz)
  Total number of paths / destination ports: 36 / 8
-------------------------------------------------------------------------
Delay:               3.358ns (Levels of Logic = 8)
  Source:            r_reg_1 (FF)
  Destination:       r_reg_7 (FF)
  Source Clock:      CLK rising
  Destination Clock: CLK rising

  Data Path: r_reg_1 to r_reg_7
                                Gate     Net
    Cell:in->out      fanout   Delay   Delay  Logical Name (Net Name)
    ----------------------------------------  ------------
     FDC:C->Q              3   0.514   0.603  r_reg_1 (r_reg_1)
     LUT1:I0->O            1   0.612   0.000  Mcount_r_reg_cy<1>_rt (Mcount_r_reg_cy<1>_rt)
     MUXCY:S->O            1   0.404   0.000  Mcount_r_reg_cy<1> (Mcount_r_reg_cy<1>)
     MUXCY:CI->O           1   0.051   0.000  Mcount_r_reg_cy<2> (Mcount_r_reg_cy<2>)
     MUXCY:CI->O           1   0.051   0.000  Mcount_r_reg_cy<3> (Mcount_r_reg_cy<3>)
     MUXCY:CI->O           1   0.051   0.000  Mcount_r_reg_cy<4> (Mcount_r_reg_cy<4>)
     MUXCY:CI->O           1   0.051   0.000  Mcount_r_reg_cy<5> (Mcount_r_reg_cy<5>)
     MUXCY:CI->O           0   0.051   0.000  Mcount_r_reg_cy<6> (Mcount_r_reg_cy<6>)
     XORCY:CI->O           1   0.699   0.000  Mcount_r_reg_xor<7> (Result<7>)
     FDC:D                     0.268          r_reg_7
    ----------------------------------------
    Total                      3.358ns (2.755ns logic, 0.603ns route)
                                       (82.0% logic, 18.0% route)

=========================================================================
Timing constraint: Default OFFSET OUT AFTER for Clock 'CLK'
  Total number of paths / destination ports: 16 / 9
-------------------------------------------------------------------------
Offset:              6.376ns (Levels of Logic = 3)
  Source:            r_reg_3 (FF)
  Destination:       MAX_TICK (PAD)
  Source Clock:      CLK rising

  Data Path: r_reg_3 to MAX_TICK
                                Gate     Net
    Cell:in->out      fanout   Delay   Delay  Logical Name (Net Name)
    ----------------------------------------  ------------
     FDC:C->Q              3   0.514   0.603  r_reg_3 (r_reg_3)
     LUT4:I0->O            1   0.612   0.509  MAX_TICK_cmp_eq00004 (MAX_TICK_cmp_eq00004)
     LUT2:I0->O            1   0.612   0.357  MAX_TICK_cmp_eq000010 (MAX_TICK_OBUF)
     OBUF:I->O                 3.169          MAX_TICK_OBUF (MAX_TICK)
    ----------------------------------------
    Total                      6.376ns (4.907ns logic, 1.469ns route)
                                       (77.0% logic, 23.0% route)

=========================================================================


Total REAL time to Xst completion: 6.00 secs
Total CPU time to Xst completion: 5.21 secs
 
--> 

Total memory usage is 270276 kilobytes

Number of errors   :    0 (   0 filtered)
Number of warnings :    0 (   0 filtered)
Number of infos    :    0 (   0 filtered)

