Release 14.2 - xst P.28xd (nt64)
Copyright (c) 1995-2012 Xilinx, Inc.  All rights reserved.
--> Parameter TMPDIR set to xst/projnav.tmp


Total REAL time to Xst completion: 0.00 secs
Total CPU time to Xst completion: 0.14 secs
 
--> Parameter xsthdpdir set to xst


Total REAL time to Xst completion: 0.00 secs
Total CPU time to Xst completion: 0.14 secs
 
--> Reading design: BLOCK_RAM.prj

TABLE OF CONTENTS
  1) Synthesis Options Summary
  2) HDL Compilation
  3) Design Hierarchy Analysis
  4) HDL Analysis
  5) HDL Synthesis
     5.1) HDL Synthesis Report
  6) Advanced HDL Synthesis
     6.1) Advanced HDL Synthesis Report
  7) Low Level Synthesis
  8) Partition Report
  9) Final Report
	9.1) Device utilization summary
	9.2) Partition Resource Summary
	9.3) TIMING REPORT


=========================================================================
*                      Synthesis Options Summary                        *
=========================================================================
---- Source Parameters
Input File Name                    : "BLOCK_RAM.prj"
Input Format                       : mixed
Ignore Synthesis Constraint File   : NO

---- Target Parameters
Output File Name                   : "BLOCK_RAM"
Output Format                      : NGC
Target Device                      : xc3s500e-5-vq100

---- Source Options
Top Module Name                    : BLOCK_RAM
Automatic FSM Extraction           : YES
FSM Encoding Algorithm             : Auto
Safe Implementation                : No
FSM Style                          : LUT
RAM Extraction                     : Yes
RAM Style                          : Auto
ROM Extraction                     : Yes
Mux Style                          : Auto
Decoder Extraction                 : YES
Priority Encoder Extraction        : Yes
Shift Register Extraction          : YES
Logical Shifter Extraction         : YES
XOR Collapsing                     : YES
ROM Style                          : Auto
Mux Extraction                     : Yes
Resource Sharing                   : YES
Asynchronous To Synchronous        : NO
Multiplier Style                   : Auto
Automatic Register Balancing       : No

---- Target Options
Add IO Buffers                     : YES
Global Maximum Fanout              : 100000
Add Generic Clock Buffer(BUFG)     : 24
Register Duplication               : YES
Slice Packing                      : YES
Optimize Instantiated Primitives   : NO
Use Clock Enable                   : Yes
Use Synchronous Set                : Yes
Use Synchronous Reset              : Yes
Pack IO Registers into IOBs        : Auto
Equivalent register Removal        : YES

---- General Options
Optimization Goal                  : Speed
Optimization Effort                : 1
Keep Hierarchy                     : No
Netlist Hierarchy                  : As_Optimized
RTL Output                         : Yes
Global Optimization                : AllClockNets
Read Cores                         : YES
Write Timing Constraints           : NO
Cross Clock Analysis               : NO
Hierarchy Separator                : /
Bus Delimiter                      : <>
Case Specifier                     : Maintain
Slice Utilization Ratio            : 100
BRAM Utilization Ratio             : 100
Verilog 2001                       : YES
Auto BRAM Packing                  : NO
Slice Utilization Ratio Delta      : 5

=========================================================================


=========================================================================
*                          HDL Compilation                              *
=========================================================================
Compiling vhdl file "D:/GitHub/VHDL_Modules/Design_concepts/Block_RAM.vhd" in Library work.
Architecture behavioral of Entity block_ram is up to date.

=========================================================================
*                     Design Hierarchy Analysis                         *
=========================================================================
Analyzing hierarchy for entity <BLOCK_RAM> in library <work> (architecture <behavioral>) with generics.
	M = 8
	N = 2


=========================================================================
*                            HDL Analysis                               *
=========================================================================
Analyzing generic Entity <BLOCK_RAM> in library <work> (Architecture <behavioral>).
	M = 8
	N = 2
Entity <BLOCK_RAM> analyzed. Unit <BLOCK_RAM> generated.


=========================================================================
*                           HDL Synthesis                               *
=========================================================================

Performing bidirectional port resolution...

Synthesizing Unit <BLOCK_RAM>.
    Related source file is "D:/GitHub/VHDL_Modules/Design_concepts/Block_RAM.vhd".
    Found 4x8-bit single-port RAM <Mram_memory> for signal <memory>.
    Summary:
	inferred   1 RAM(s).
Unit <BLOCK_RAM> synthesized.


=========================================================================
HDL Synthesis Report

Macro Statistics
# RAMs                                                 : 1
 4x8-bit single-port RAM                               : 1

=========================================================================

=========================================================================
*                       Advanced HDL Synthesis                          *
=========================================================================


Synthesizing (advanced) Unit <BLOCK_RAM>.
INFO:Xst:3218 - HDL ADVISOR - The RAM <Mram_memory> will be implemented on LUTs either because you have described an asynchronous read or because of currently unsupported block RAM features. If you have described an asynchronous read, making it synchronous would allow you to take advantage of available block RAM resources, for optimized device usage and improved timings. Please refer to your documentation for coding guidelines.
    -----------------------------------------------------------------------
    | ram_type           | Distributed                         |          |
    -----------------------------------------------------------------------
    | Port A                                                              |
    |     aspect ratio   | 4-word x 8-bit                      |          |
    |     clkA           | connected to signal <CLK>           | rise     |
    |     weA            | connected to signal <WR_EN>         | high     |
    |     addrA          | connected to signal <ADDR>          |          |
    |     diA            | connected to signal <DATA_IN>       |          |
    |     doA            | connected to signal <DATA_OUT>      |          |
    -----------------------------------------------------------------------
Unit <BLOCK_RAM> synthesized (advanced).

=========================================================================
Advanced HDL Synthesis Report

Macro Statistics
# RAMs                                                 : 1
 4x8-bit single-port distributed RAM                   : 1

=========================================================================

=========================================================================
*                         Low Level Synthesis                           *
=========================================================================

Optimizing unit <BLOCK_RAM> ...

Mapping all equations...
Building and optimizing final netlist ...
Found area constraint ratio of 100 (+ 5) on block BLOCK_RAM, actual ratio is 0.

Final Macro Processing ...

=========================================================================
Final Register Report

Found no macro
=========================================================================

=========================================================================
*                           Partition Report                            *
=========================================================================

Partition Implementation Status
-------------------------------

  No Partitions were found in this design.

-------------------------------

=========================================================================
*                            Final Report                               *
=========================================================================
Final Results
RTL Top Level Output File Name     : BLOCK_RAM.ngr
Top Level Output File Name         : BLOCK_RAM
Output Format                      : NGC
Optimization Goal                  : Speed
Keep Hierarchy                     : No

Design Statistics
# IOs                              : 20

Cell Usage :
# BELS                             : 1
#      GND                         : 1
# RAMS                             : 8
#      RAM16X1S                    : 8
# Clock Buffers                    : 1
#      BUFGP                       : 1
# IO Buffers                       : 19
#      IBUF                        : 11
#      OBUF                        : 8
=========================================================================

Device utilization summary:
---------------------------

Selected Device : 3s500evq100-5 

 Number of Slices:                        4  out of   4656     0%  
 Number of 4 input LUTs:                  8  out of   9312     0%  
    Number used as logic:                 0
    Number used as RAMs:                  8
 Number of IOs:                          20
 Number of bonded IOBs:                  20  out of     66    30%  
 Number of GCLKs:                         1  out of     24     4%  

---------------------------
Partition Resource Summary:
---------------------------

  No Partitions were found in this design.

---------------------------


=========================================================================
TIMING REPORT

NOTE: THESE TIMING NUMBERS ARE ONLY A SYNTHESIS ESTIMATE.
      FOR ACCURATE TIMING INFORMATION PLEASE REFER TO THE TRACE REPORT
      GENERATED AFTER PLACE-and-ROUTE.

Clock Information:
------------------
-----------------------------------+------------------------+-------+
Clock Signal                       | Clock buffer(FF name)  | Load  |
-----------------------------------+------------------------+-------+
CLK                                | BUFGP                  | 8     |
-----------------------------------+------------------------+-------+

Asynchronous Control Signals Information:
----------------------------------------
No asynchronous control signals found in this design

Timing Summary:
---------------
Speed Grade: -5

   Minimum period: No path found
   Minimum input arrival time before clock: 2.090ns
   Maximum output required time after clock: 5.180ns
   Maximum combinational path delay: 6.576ns

Timing Detail:
--------------
All values displayed in nanoseconds (ns)

=========================================================================
Timing constraint: Default OFFSET IN BEFORE for Clock 'CLK'
  Total number of paths / destination ports: 32 / 32
-------------------------------------------------------------------------
Offset:              2.090ns (Levels of Logic = 1)
  Source:            WR_EN (PAD)
  Destination:       Mram_memory1 (RAM)
  Destination Clock: CLK rising

  Data Path: WR_EN to Mram_memory1
                                Gate     Net
    Cell:in->out      fanout   Delay   Delay  Logical Name (Net Name)
    ----------------------------------------  ------------
     IBUF:I->O             8   1.106   0.643  WR_EN_IBUF (WR_EN_IBUF)
     RAM16X1S:WE               0.341          Mram_memory1
    ----------------------------------------
    Total                      2.090ns (1.447ns logic, 0.643ns route)
                                       (69.2% logic, 30.8% route)

=========================================================================
Timing constraint: Default OFFSET OUT AFTER for Clock 'CLK'
  Total number of paths / destination ports: 8 / 8
-------------------------------------------------------------------------
Offset:              5.180ns (Levels of Logic = 1)
  Source:            Mram_memory8 (RAM)
  Destination:       DATA_OUT<7> (PAD)
  Source Clock:      CLK rising

  Data Path: Mram_memory8 to DATA_OUT<7>
                                Gate     Net
    Cell:in->out      fanout   Delay   Delay  Logical Name (Net Name)
    ----------------------------------------  ------------
     RAM16X1S:WCLK->O      1   1.654   0.357  Mram_memory8 (DATA_OUT_7_OBUF)
     OBUF:I->O                 3.169          DATA_OUT_7_OBUF (DATA_OUT<7>)
    ----------------------------------------
    Total                      5.180ns (4.823ns logic, 0.357ns route)
                                       (93.1% logic, 6.9% route)

=========================================================================
Timing constraint: Default path analysis
  Total number of paths / destination ports: 16 / 8
-------------------------------------------------------------------------
Delay:               6.576ns (Levels of Logic = 3)
  Source:            ADDR<1> (PAD)
  Destination:       DATA_OUT<7> (PAD)

  Data Path: ADDR<1> to DATA_OUT<7>
                                Gate     Net
    Cell:in->out      fanout   Delay   Delay  Logical Name (Net Name)
    ----------------------------------------  ------------
     IBUF:I->O            16   1.106   0.879  ADDR_1_IBUF (ADDR_1_IBUF)
     RAM16X1S:A1->O        1   1.065   0.357  Mram_memory1 (DATA_OUT_0_OBUF)
     OBUF:I->O                 3.169          DATA_OUT_0_OBUF (DATA_OUT<0>)
    ----------------------------------------
    Total                      6.576ns (5.340ns logic, 1.236ns route)
                                       (81.2% logic, 18.8% route)

=========================================================================


Total REAL time to Xst completion: 5.00 secs
Total CPU time to Xst completion: 5.45 secs
 
--> 

Total memory usage is 283272 kilobytes

Number of errors   :    0 (   0 filtered)
Number of warnings :    0 (   0 filtered)
Number of infos    :    1 (   0 filtered)

