ISim log file
Running: D:\GitHub\VHDL_Modules\Design_concepts\FIFO_V2_tbench_isim_beh.exe -intstyle ise -gui -tclbatch isim.cmd -wdb D:/GitHub/VHDL_Modules/Design_concepts/FIFO_V2_tbench_isim_beh.wdb 
ISim P.28xd (signature 0xa0883be4)
This is a Full version of ISim.
Time resolution is 1 ps
# onerror resume
# wave add /
# run 1000 ns
Simulator is doing circuit initialization process.
at 0 ps, Instance /fifo_v2_tbench/uut/ : Warning: NUMERIC_STD.TO_INTEGER: metavalue detected, returning 0
Finished circuit initialization process.
ISim P.28xd (signature 0xa0883be4)
This is a Full version of ISim.
# run 1000 ns
Simulator is doing circuit initialization process.
at 0 ps, Instance /fifo_v2_tbench/uut/ : Warning: NUMERIC_STD.TO_INTEGER: metavalue detected, returning 0
Finished circuit initialization process.
# restart
# run 1.00us
Simulator is doing circuit initialization process.
at 0 ps, Instance /fifo_v2_tbench/uut/ : Warning: NUMERIC_STD.TO_INTEGER: metavalue detected, returning 0
Finished circuit initialization process.
# restart
# run 1.00us
Simulator is doing circuit initialization process.
at 0 ps, Instance /fifo_v2_tbench/uut/ : Warning: NUMERIC_STD.TO_INTEGER: metavalue detected, returning 0
Finished circuit initialization process.
ISim P.28xd (signature 0xa0883be4)
This is a Full version of ISim.
# run 1000 ns
Simulator is doing circuit initialization process.
at 0 ps, Instance /fifo_v2_tbench/uut/ : Warning: NUMERIC_STD.TO_INTEGER: metavalue detected, returning 0
Finished circuit initialization process.
ISim P.28xd (signature 0xa0883be4)
This is a Full version of ISim.
# run 1000 ns
Simulator is doing circuit initialization process.
at 0 ps, Instance /fifo_v2_tbench/uut/ : Warning: NUMERIC_STD.TO_INTEGER: metavalue detected, returning 0
Finished circuit initialization process.
# restart
# run 1.00us
Simulator is doing circuit initialization process.
at 0 ps, Instance /fifo_v2_tbench/uut/ : Warning: NUMERIC_STD.TO_INTEGER: metavalue detected, returning 0
Finished circuit initialization process.
