
****** PlanAhead v14.2 (64-bit)
  **** Build 194362 by xbuild on Fri Jul 20 18:52:11 MDT 2012
    ** Copyright 1986-1999, 2001-2012 Xilinx, Inc. All Rights Reserved.

INFO: [Common 17-78] Attempting to get a license: PlanAhead
INFO: [Common 17-290] Got license for PlanAhead
INFO: [Device 21-36] Loading parts and site information from C:/Xilinx/14.2/ISE_DS/PlanAhead/data/parts/arch.xml
Parsing RTL primitives file [C:/Xilinx/14.2/ISE_DS/PlanAhead/data/parts/xilinx/rtl/prims/rtl_prims.xml]
Finished parsing RTL primitives file [C:/Xilinx/14.2/ISE_DS/PlanAhead/data/parts/xilinx/rtl/prims/rtl_prims.xml]
start_gui
source D:/GitHub/VHDL_Modules/Latch_based_Flip_Flop/pa.fromHdl.tcl
# create_project -name Latch_based_Flip_Flop -dir "D:/GitHub/VHDL_Modules/Latch_based_Flip_Flop/planAhead_run_1" -part xc3s250evq100-5
Parsing template File [C:/Xilinx/14.2/ISE_DS/ISE/data/projnav/templates/verilog.xml].
Finished parsing template File [C:/Xilinx/14.2/ISE_DS/ISE/data/projnav/templates/verilog.xml].
Parsing template File [C:/Xilinx/14.2/ISE_DS/ISE/data/projnav/templates/vhdl.xml].
Finished parsing template File [C:/Xilinx/14.2/ISE_DS/ISE/data/projnav/templates/vhdl.xml].
Parsing template File [C:/Xilinx/14.2/ISE_DS/ISE/data/projnav/templates/ucf.xml].
Finished parsing template File [C:/Xilinx/14.2/ISE_DS/ISE/data/projnav/templates/ucf.xml].
# set_param project.pinAheadLayout yes
# set srcset [get_property srcset [current_run -impl]]
# set_property target_constrs_file "Latch_based_Flip_Flop.ucf" [current_fileset -constrset]
Adding file 'D:/GitHub/VHDL_Modules/Latch_based_Flip_Flop/Latch_based_Flip_Flop.ucf' to fileset 'constrs_1'
# set hdlfile [add_files [list {Latch_based_Flip_Flop.vhd}]]
# set_property file_type VHDL $hdlfile
# set_property library work $hdlfile
# set_property top Latch_based_Flip_Flop $srcset
# add_files [list {Latch_based_Flip_Flop.ucf}] -fileset [get_property constrset [current_run]]
# open_rtl_design -part xc3s250evq100-5
Using Verific elaboration
Parsing VHDL file "C:/Xilinx/14.2/ISE_DS/PlanAhead/data/parts/xilinx/rtl/lib/synplify/synattr.vhd" into library synplify
Parsing VHDL file "C:/Xilinx/14.2/ISE_DS/PlanAhead/data/parts/xilinx/rtl/lib/synplify/synattr.vhd" into library synplify
Parsing VHDL file "D:/GitHub/VHDL_Modules/Latch_based_Flip_Flop/Latch_based_Flip_Flop.vhd" into library work
INFO: [Designutils 20-910] Reading macro library C:/Xilinx/14.2/ISE_DS/PlanAhead/data\./parts/xilinx/spartan3e/spartan3e/hd_int_macros.edn
Parsing EDIF File [C:/Xilinx/14.2/ISE_DS/PlanAhead/data\./parts/xilinx/spartan3e/spartan3e/hd_int_macros.edn]
Finished Parsing EDIF File [C:/Xilinx/14.2/ISE_DS/PlanAhead/data\./parts/xilinx/spartan3e/spartan3e/hd_int_macros.edn]
Loading clock regions from C:/Xilinx/14.2/ISE_DS/PlanAhead/data\parts/xilinx/spartan3e/spartan3e/xc3s250e/ClockRegion.xml
Loading clock buffers from C:/Xilinx/14.2/ISE_DS/PlanAhead/data\parts/xilinx/spartan3e/spartan3e/xc3s250e/ClockBuffers.xml
Loading package from C:/Xilinx/14.2/ISE_DS/PlanAhead/data\parts/xilinx/spartan3e/spartan3e/xc3s250e/vq100/Package.xml
Loading io standards from C:/Xilinx/14.2/ISE_DS/PlanAhead/data\./parts/xilinx/spartan3e/IOStandards.xml
INFO: [Device 21-19] Loading pkg sso from C:/Xilinx/14.2/ISE_DS/PlanAhead/data\parts/xilinx/spartan3e/spartan3e/xc3s250e/vq100/SSORules.xml
Loading list of drcs for the architecture : C:/Xilinx/14.2/ISE_DS/PlanAhead/data\./parts/xilinx/spartan3e/spartan3e/drc.xml
INFO: [Timing 38-77] Reading timing library C:/Xilinx/14.2/ISE_DS/PlanAhead/data\parts/xilinx/spartan3e/spartan3e/spartan3e-5.lib.
INFO: [Timing 38-34] Done reading timing library C:/Xilinx/14.2/ISE_DS/PlanAhead/data\parts/xilinx/spartan3e/spartan3e/spartan3e-5.lib.
Parsing UCF File [D:/GitHub/VHDL_Modules/Latch_based_Flip_Flop/Latch_based_Flip_Flop.ucf]
Finished Parsing UCF File [D:/GitHub/VHDL_Modules/Latch_based_Flip_Flop/Latch_based_Flip_Flop.ucf]
INFO: [Project 1-111] Unisim Transformation Summary:
No Unisim elements were transformed.

Phase 0 | Netlist Checksum: ea8238c4
open_rtl_design: Time (s): elapsed = 00:00:07 . Memory (MB): peak = 549.695 ; gain = 146.309
exit
INFO: [Common 17-206] Exiting PlanAhead...
INFO: [Common 17-83] Releasing license: PlanAhead
