ISim log file
Running: D:\GitHub\VHDL_Modules\EEPROM\MC_25LC640A\tbench_EEPROM_test_isim_beh.exe -intstyle ise -gui -tclbatch isim.cmd -wdb D:/GitHub/VHDL_Modules/EEPROM/MC_25LC640A/tbench_EEPROM_test_isim_beh.wdb 
ISim P.28xd (signature 0xa0883be4)
This is a Full version of ISim.
Time resolution is 1 ps
# onerror resume
# wave add /
# run 1000 ns
Simulator is doing circuit initialization process.
at 0 ps, Instance /tbench_eeprom_test/uut/UART_MODULE/fifo_rx_unit/ : Warning: NUMERIC_STD.TO_INTEGER: metavalue detected, returning 0
at 0 ps, Instance /tbench_eeprom_test/uut/UART_MODULE/fifo_tx_unit/ : Warning: NUMERIC_STD.TO_INTEGER: metavalue detected, returning 0
at 0 ps, Instance /tbench_eeprom_test/uut/EEPROM_MODULE/SPI_INST/Inst_FIFO_TX/ : Warning: NUMERIC_STD.TO_INTEGER: metavalue detected, returning 0
at 0 ps, Instance /tbench_eeprom_test/uut/EEPROM_MODULE/SPI_INST/Inst_FIFO_RX/ : Warning: NUMERIC_STD.TO_INTEGER: metavalue detected, returning 0
Finished circuit initialization process.
at 15625 ps(2), Instance /tbench_eeprom_test/uut/UART_MODULE/fifo_rx_unit/ : Warning: NUMERIC_STD.TO_INTEGER: metavalue detected, returning 0
at 15625 ps(2), Instance /tbench_eeprom_test/uut/UART_MODULE/fifo_tx_unit/ : Warning: NUMERIC_STD.TO_INTEGER: metavalue detected, returning 0
at 15625 ps(2), Instance /tbench_eeprom_test/uut/EEPROM_MODULE/SPI_INST/Inst_FIFO_TX/ : Warning: NUMERIC_STD.TO_INTEGER: metavalue detected, returning 0
at 15625 ps(2), Instance /tbench_eeprom_test/uut/EEPROM_MODULE/SPI_INST/Inst_FIFO_RX/ : Warning: NUMERIC_STD.TO_INTEGER: metavalue detected, returning 0
# restart
# run 1.00us
Simulator is doing circuit initialization process.
at 0 ps, Instance /tbench_eeprom_test/uut/UART_MODULE/fifo_rx_unit/ : Warning: NUMERIC_STD.TO_INTEGER: metavalue detected, returning 0
at 0 ps, Instance /tbench_eeprom_test/uut/UART_MODULE/fifo_tx_unit/ : Warning: NUMERIC_STD.TO_INTEGER: metavalue detected, returning 0
at 0 ps, Instance /tbench_eeprom_test/uut/EEPROM_MODULE/SPI_INST/Inst_FIFO_TX/ : Warning: NUMERIC_STD.TO_INTEGER: metavalue detected, returning 0
at 0 ps, Instance /tbench_eeprom_test/uut/EEPROM_MODULE/SPI_INST/Inst_FIFO_RX/ : Warning: NUMERIC_STD.TO_INTEGER: metavalue detected, returning 0
Finished circuit initialization process.
at 15625 ps(2), Instance /tbench_eeprom_test/uut/UART_MODULE/fifo_rx_unit/ : Warning: NUMERIC_STD.TO_INTEGER: metavalue detected, returning 0
at 15625 ps(2), Instance /tbench_eeprom_test/uut/UART_MODULE/fifo_tx_unit/ : Warning: NUMERIC_STD.TO_INTEGER: metavalue detected, returning 0
at 15625 ps(2), Instance /tbench_eeprom_test/uut/EEPROM_MODULE/SPI_INST/Inst_FIFO_TX/ : Warning: NUMERIC_STD.TO_INTEGER: metavalue detected, returning 0
at 15625 ps(2), Instance /tbench_eeprom_test/uut/EEPROM_MODULE/SPI_INST/Inst_FIFO_RX/ : Warning: NUMERIC_STD.TO_INTEGER: metavalue detected, returning 0
# restart
# run 10.00us
Simulator is doing circuit initialization process.
at 0 ps, Instance /tbench_eeprom_test/uut/UART_MODULE/fifo_rx_unit/ : Warning: NUMERIC_STD.TO_INTEGER: metavalue detected, returning 0
at 0 ps, Instance /tbench_eeprom_test/uut/UART_MODULE/fifo_tx_unit/ : Warning: NUMERIC_STD.TO_INTEGER: metavalue detected, returning 0
at 0 ps, Instance /tbench_eeprom_test/uut/EEPROM_MODULE/SPI_INST/Inst_FIFO_TX/ : Warning: NUMERIC_STD.TO_INTEGER: metavalue detected, returning 0
at 0 ps, Instance /tbench_eeprom_test/uut/EEPROM_MODULE/SPI_INST/Inst_FIFO_RX/ : Warning: NUMERIC_STD.TO_INTEGER: metavalue detected, returning 0
Finished circuit initialization process.
at 15625 ps(2), Instance /tbench_eeprom_test/uut/UART_MODULE/fifo_rx_unit/ : Warning: NUMERIC_STD.TO_INTEGER: metavalue detected, returning 0
at 15625 ps(2), Instance /tbench_eeprom_test/uut/UART_MODULE/fifo_tx_unit/ : Warning: NUMERIC_STD.TO_INTEGER: metavalue detected, returning 0
at 15625 ps(2), Instance /tbench_eeprom_test/uut/EEPROM_MODULE/SPI_INST/Inst_FIFO_TX/ : Warning: NUMERIC_STD.TO_INTEGER: metavalue detected, returning 0
at 15625 ps(2), Instance /tbench_eeprom_test/uut/EEPROM_MODULE/SPI_INST/Inst_FIFO_RX/ : Warning: NUMERIC_STD.TO_INTEGER: metavalue detected, returning 0
ISim P.28xd (signature 0xa0883be4)
This is a Full version of ISim.
# run 1000 ns
Simulator is doing circuit initialization process.
at 0 ps, Instance /tbench_eeprom_test/uut/UART_MODULE/fifo_rx_unit/ : Warning: NUMERIC_STD.TO_INTEGER: metavalue detected, returning 0
at 0 ps, Instance /tbench_eeprom_test/uut/UART_MODULE/fifo_tx_unit/ : Warning: NUMERIC_STD.TO_INTEGER: metavalue detected, returning 0
at 0 ps, Instance /tbench_eeprom_test/uut/EEPROM_MODULE/SPI_INST/Inst_FIFO_TX/ : Warning: NUMERIC_STD.TO_INTEGER: metavalue detected, returning 0
at 0 ps, Instance /tbench_eeprom_test/uut/EEPROM_MODULE/SPI_INST/Inst_FIFO_RX/ : Warning: NUMERIC_STD.TO_INTEGER: metavalue detected, returning 0
Finished circuit initialization process.
at 15625 ps(2), Instance /tbench_eeprom_test/uut/UART_MODULE/fifo_rx_unit/ : Warning: NUMERIC_STD.TO_INTEGER: metavalue detected, returning 0
at 15625 ps(2), Instance /tbench_eeprom_test/uut/UART_MODULE/fifo_tx_unit/ : Warning: NUMERIC_STD.TO_INTEGER: metavalue detected, returning 0
at 15625 ps(2), Instance /tbench_eeprom_test/uut/EEPROM_MODULE/SPI_INST/Inst_FIFO_TX/ : Warning: NUMERIC_STD.TO_INTEGER: metavalue detected, returning 0
at 15625 ps(2), Instance /tbench_eeprom_test/uut/EEPROM_MODULE/SPI_INST/Inst_FIFO_RX/ : Warning: NUMERIC_STD.TO_INTEGER: metavalue detected, returning 0
# restart
# run 10.00us
Simulator is doing circuit initialization process.
at 0 ps, Instance /tbench_eeprom_test/uut/UART_MODULE/fifo_rx_unit/ : Warning: NUMERIC_STD.TO_INTEGER: metavalue detected, returning 0
at 0 ps, Instance /tbench_eeprom_test/uut/UART_MODULE/fifo_tx_unit/ : Warning: NUMERIC_STD.TO_INTEGER: metavalue detected, returning 0
at 0 ps, Instance /tbench_eeprom_test/uut/EEPROM_MODULE/SPI_INST/Inst_FIFO_TX/ : Warning: NUMERIC_STD.TO_INTEGER: metavalue detected, returning 0
at 0 ps, Instance /tbench_eeprom_test/uut/EEPROM_MODULE/SPI_INST/Inst_FIFO_RX/ : Warning: NUMERIC_STD.TO_INTEGER: metavalue detected, returning 0
Finished circuit initialization process.
at 15625 ps(2), Instance /tbench_eeprom_test/uut/UART_MODULE/fifo_rx_unit/ : Warning: NUMERIC_STD.TO_INTEGER: metavalue detected, returning 0
at 15625 ps(2), Instance /tbench_eeprom_test/uut/UART_MODULE/fifo_tx_unit/ : Warning: NUMERIC_STD.TO_INTEGER: metavalue detected, returning 0
at 15625 ps(2), Instance /tbench_eeprom_test/uut/EEPROM_MODULE/SPI_INST/Inst_FIFO_TX/ : Warning: NUMERIC_STD.TO_INTEGER: metavalue detected, returning 0
at 15625 ps(2), Instance /tbench_eeprom_test/uut/EEPROM_MODULE/SPI_INST/Inst_FIFO_RX/ : Warning: NUMERIC_STD.TO_INTEGER: metavalue detected, returning 0
ISim P.28xd (signature 0xa0883be4)
This is a Full version of ISim.
# run 1000 ns
Simulator is doing circuit initialization process.
at 0 ps, Instance /tbench_eeprom_test/uut/UART_MODULE/fifo_rx_unit/ : Warning: NUMERIC_STD.TO_INTEGER: metavalue detected, returning 0
at 0 ps, Instance /tbench_eeprom_test/uut/UART_MODULE/fifo_tx_unit/ : Warning: NUMERIC_STD.TO_INTEGER: metavalue detected, returning 0
at 0 ps, Instance /tbench_eeprom_test/uut/EEPROM_MODULE/SPI_INST/Inst_FIFO_TX/ : Warning: NUMERIC_STD.TO_INTEGER: metavalue detected, returning 0
at 0 ps, Instance /tbench_eeprom_test/uut/EEPROM_MODULE/SPI_INST/Inst_FIFO_RX/ : Warning: NUMERIC_STD.TO_INTEGER: metavalue detected, returning 0
Finished circuit initialization process.
at 15625 ps(2), Instance /tbench_eeprom_test/uut/UART_MODULE/fifo_rx_unit/ : Warning: NUMERIC_STD.TO_INTEGER: metavalue detected, returning 0
at 15625 ps(2), Instance /tbench_eeprom_test/uut/UART_MODULE/fifo_tx_unit/ : Warning: NUMERIC_STD.TO_INTEGER: metavalue detected, returning 0
at 15625 ps(2), Instance /tbench_eeprom_test/uut/EEPROM_MODULE/SPI_INST/Inst_FIFO_TX/ : Warning: NUMERIC_STD.TO_INTEGER: metavalue detected, returning 0
at 15625 ps(2), Instance /tbench_eeprom_test/uut/EEPROM_MODULE/SPI_INST/Inst_FIFO_RX/ : Warning: NUMERIC_STD.TO_INTEGER: metavalue detected, returning 0
# restart
# run 10.00us
Simulator is doing circuit initialization process.
at 0 ps, Instance /tbench_eeprom_test/uut/UART_MODULE/fifo_rx_unit/ : Warning: NUMERIC_STD.TO_INTEGER: metavalue detected, returning 0
at 0 ps, Instance /tbench_eeprom_test/uut/UART_MODULE/fifo_tx_unit/ : Warning: NUMERIC_STD.TO_INTEGER: metavalue detected, returning 0
at 0 ps, Instance /tbench_eeprom_test/uut/EEPROM_MODULE/SPI_INST/Inst_FIFO_TX/ : Warning: NUMERIC_STD.TO_INTEGER: metavalue detected, returning 0
at 0 ps, Instance /tbench_eeprom_test/uut/EEPROM_MODULE/SPI_INST/Inst_FIFO_RX/ : Warning: NUMERIC_STD.TO_INTEGER: metavalue detected, returning 0
Finished circuit initialization process.
at 15625 ps(2), Instance /tbench_eeprom_test/uut/UART_MODULE/fifo_rx_unit/ : Warning: NUMERIC_STD.TO_INTEGER: metavalue detected, returning 0
at 15625 ps(2), Instance /tbench_eeprom_test/uut/UART_MODULE/fifo_tx_unit/ : Warning: NUMERIC_STD.TO_INTEGER: metavalue detected, returning 0
at 15625 ps(2), Instance /tbench_eeprom_test/uut/EEPROM_MODULE/SPI_INST/Inst_FIFO_TX/ : Warning: NUMERIC_STD.TO_INTEGER: metavalue detected, returning 0
at 15625 ps(2), Instance /tbench_eeprom_test/uut/EEPROM_MODULE/SPI_INST/Inst_FIFO_RX/ : Warning: NUMERIC_STD.TO_INTEGER: metavalue detected, returning 0
ISim P.28xd (signature 0xa0883be4)
This is a Full version of ISim.
# run 1000 ns
Simulator is doing circuit initialization process.
at 0 ps, Instance /tbench_eeprom_test/uut/UART_MODULE/fifo_rx_unit/ : Warning: NUMERIC_STD.TO_INTEGER: metavalue detected, returning 0
at 0 ps, Instance /tbench_eeprom_test/uut/UART_MODULE/fifo_tx_unit/ : Warning: NUMERIC_STD.TO_INTEGER: metavalue detected, returning 0
at 0 ps, Instance /tbench_eeprom_test/uut/EEPROM_MODULE/SPI_INST/Inst_FIFO_TX/ : Warning: NUMERIC_STD.TO_INTEGER: metavalue detected, returning 0
at 0 ps, Instance /tbench_eeprom_test/uut/EEPROM_MODULE/SPI_INST/Inst_FIFO_RX/ : Warning: NUMERIC_STD.TO_INTEGER: metavalue detected, returning 0
Finished circuit initialization process.
at 15625 ps(2), Instance /tbench_eeprom_test/uut/UART_MODULE/fifo_rx_unit/ : Warning: NUMERIC_STD.TO_INTEGER: metavalue detected, returning 0
at 15625 ps(2), Instance /tbench_eeprom_test/uut/UART_MODULE/fifo_tx_unit/ : Warning: NUMERIC_STD.TO_INTEGER: metavalue detected, returning 0
at 15625 ps(2), Instance /tbench_eeprom_test/uut/EEPROM_MODULE/SPI_INST/Inst_FIFO_TX/ : Warning: NUMERIC_STD.TO_INTEGER: metavalue detected, returning 0
at 15625 ps(2), Instance /tbench_eeprom_test/uut/EEPROM_MODULE/SPI_INST/Inst_FIFO_RX/ : Warning: NUMERIC_STD.TO_INTEGER: metavalue detected, returning 0
# restart
# run 10.00us
Simulator is doing circuit initialization process.
at 0 ps, Instance /tbench_eeprom_test/uut/UART_MODULE/fifo_rx_unit/ : Warning: NUMERIC_STD.TO_INTEGER: metavalue detected, returning 0
at 0 ps, Instance /tbench_eeprom_test/uut/UART_MODULE/fifo_tx_unit/ : Warning: NUMERIC_STD.TO_INTEGER: metavalue detected, returning 0
at 0 ps, Instance /tbench_eeprom_test/uut/EEPROM_MODULE/SPI_INST/Inst_FIFO_TX/ : Warning: NUMERIC_STD.TO_INTEGER: metavalue detected, returning 0
at 0 ps, Instance /tbench_eeprom_test/uut/EEPROM_MODULE/SPI_INST/Inst_FIFO_RX/ : Warning: NUMERIC_STD.TO_INTEGER: metavalue detected, returning 0
Finished circuit initialization process.
at 15625 ps(2), Instance /tbench_eeprom_test/uut/UART_MODULE/fifo_rx_unit/ : Warning: NUMERIC_STD.TO_INTEGER: metavalue detected, returning 0
at 15625 ps(2), Instance /tbench_eeprom_test/uut/UART_MODULE/fifo_tx_unit/ : Warning: NUMERIC_STD.TO_INTEGER: metavalue detected, returning 0
at 15625 ps(2), Instance /tbench_eeprom_test/uut/EEPROM_MODULE/SPI_INST/Inst_FIFO_TX/ : Warning: NUMERIC_STD.TO_INTEGER: metavalue detected, returning 0
at 15625 ps(2), Instance /tbench_eeprom_test/uut/EEPROM_MODULE/SPI_INST/Inst_FIFO_RX/ : Warning: NUMERIC_STD.TO_INTEGER: metavalue detected, returning 0
ISim P.28xd (signature 0xa0883be4)
This is a Full version of ISim.
# run 1000 ns
Simulator is doing circuit initialization process.
at 0 ps, Instance /tbench_eeprom_test/uut/UART_MODULE/fifo_rx_unit/ : Warning: NUMERIC_STD.TO_INTEGER: metavalue detected, returning 0
at 0 ps, Instance /tbench_eeprom_test/uut/UART_MODULE/fifo_tx_unit/ : Warning: NUMERIC_STD.TO_INTEGER: metavalue detected, returning 0
at 0 ps, Instance /tbench_eeprom_test/uut/EEPROM_MODULE/SPI_INST/Inst_FIFO_TX/ : Warning: NUMERIC_STD.TO_INTEGER: metavalue detected, returning 0
at 0 ps, Instance /tbench_eeprom_test/uut/EEPROM_MODULE/SPI_INST/Inst_FIFO_RX/ : Warning: NUMERIC_STD.TO_INTEGER: metavalue detected, returning 0
Finished circuit initialization process.
at 15625 ps(2), Instance /tbench_eeprom_test/uut/UART_MODULE/fifo_rx_unit/ : Warning: NUMERIC_STD.TO_INTEGER: metavalue detected, returning 0
at 15625 ps(2), Instance /tbench_eeprom_test/uut/UART_MODULE/fifo_tx_unit/ : Warning: NUMERIC_STD.TO_INTEGER: metavalue detected, returning 0
at 15625 ps(2), Instance /tbench_eeprom_test/uut/EEPROM_MODULE/SPI_INST/Inst_FIFO_TX/ : Warning: NUMERIC_STD.TO_INTEGER: metavalue detected, returning 0
at 15625 ps(2), Instance /tbench_eeprom_test/uut/EEPROM_MODULE/SPI_INST/Inst_FIFO_RX/ : Warning: NUMERIC_STD.TO_INTEGER: metavalue detected, returning 0
# restart
# run 10.00us
Simulator is doing circuit initialization process.
at 0 ps, Instance /tbench_eeprom_test/uut/UART_MODULE/fifo_rx_unit/ : Warning: NUMERIC_STD.TO_INTEGER: metavalue detected, returning 0
at 0 ps, Instance /tbench_eeprom_test/uut/UART_MODULE/fifo_tx_unit/ : Warning: NUMERIC_STD.TO_INTEGER: metavalue detected, returning 0
at 0 ps, Instance /tbench_eeprom_test/uut/EEPROM_MODULE/SPI_INST/Inst_FIFO_TX/ : Warning: NUMERIC_STD.TO_INTEGER: metavalue detected, returning 0
at 0 ps, Instance /tbench_eeprom_test/uut/EEPROM_MODULE/SPI_INST/Inst_FIFO_RX/ : Warning: NUMERIC_STD.TO_INTEGER: metavalue detected, returning 0
Finished circuit initialization process.
at 15625 ps(2), Instance /tbench_eeprom_test/uut/UART_MODULE/fifo_rx_unit/ : Warning: NUMERIC_STD.TO_INTEGER: metavalue detected, returning 0
at 15625 ps(2), Instance /tbench_eeprom_test/uut/UART_MODULE/fifo_tx_unit/ : Warning: NUMERIC_STD.TO_INTEGER: metavalue detected, returning 0
at 15625 ps(2), Instance /tbench_eeprom_test/uut/EEPROM_MODULE/SPI_INST/Inst_FIFO_TX/ : Warning: NUMERIC_STD.TO_INTEGER: metavalue detected, returning 0
at 15625 ps(2), Instance /tbench_eeprom_test/uut/EEPROM_MODULE/SPI_INST/Inst_FIFO_RX/ : Warning: NUMERIC_STD.TO_INTEGER: metavalue detected, returning 0
# restart
# run 10.00us
Simulator is doing circuit initialization process.
at 0 ps, Instance /tbench_eeprom_test/uut/UART_MODULE/fifo_rx_unit/ : Warning: NUMERIC_STD.TO_INTEGER: metavalue detected, returning 0
at 0 ps, Instance /tbench_eeprom_test/uut/UART_MODULE/fifo_tx_unit/ : Warning: NUMERIC_STD.TO_INTEGER: metavalue detected, returning 0
at 0 ps, Instance /tbench_eeprom_test/uut/EEPROM_MODULE/SPI_INST/Inst_FIFO_TX/ : Warning: NUMERIC_STD.TO_INTEGER: metavalue detected, returning 0
at 0 ps, Instance /tbench_eeprom_test/uut/EEPROM_MODULE/SPI_INST/Inst_FIFO_RX/ : Warning: NUMERIC_STD.TO_INTEGER: metavalue detected, returning 0
Finished circuit initialization process.
at 15625 ps(2), Instance /tbench_eeprom_test/uut/UART_MODULE/fifo_rx_unit/ : Warning: NUMERIC_STD.TO_INTEGER: metavalue detected, returning 0
at 15625 ps(2), Instance /tbench_eeprom_test/uut/UART_MODULE/fifo_tx_unit/ : Warning: NUMERIC_STD.TO_INTEGER: metavalue detected, returning 0
at 15625 ps(2), Instance /tbench_eeprom_test/uut/EEPROM_MODULE/SPI_INST/Inst_FIFO_TX/ : Warning: NUMERIC_STD.TO_INTEGER: metavalue detected, returning 0
at 15625 ps(2), Instance /tbench_eeprom_test/uut/EEPROM_MODULE/SPI_INST/Inst_FIFO_RX/ : Warning: NUMERIC_STD.TO_INTEGER: metavalue detected, returning 0
ISim P.28xd (signature 0xa0883be4)
This is a Full version of ISim.
# run 1000 ns
Simulator is doing circuit initialization process.
at 0 ps, Instance /tbench_eeprom_test/uut/UART_MODULE/fifo_rx_unit/ : Warning: NUMERIC_STD.TO_INTEGER: metavalue detected, returning 0
at 0 ps, Instance /tbench_eeprom_test/uut/UART_MODULE/fifo_tx_unit/ : Warning: NUMERIC_STD.TO_INTEGER: metavalue detected, returning 0
at 0 ps, Instance /tbench_eeprom_test/uut/EEPROM_MODULE/SPI_INST/Inst_FIFO_TX/ : Warning: NUMERIC_STD.TO_INTEGER: metavalue detected, returning 0
at 0 ps, Instance /tbench_eeprom_test/uut/EEPROM_MODULE/SPI_INST/Inst_FIFO_RX/ : Warning: NUMERIC_STD.TO_INTEGER: metavalue detected, returning 0
Finished circuit initialization process.
at 15625 ps(2), Instance /tbench_eeprom_test/uut/UART_MODULE/fifo_rx_unit/ : Warning: NUMERIC_STD.TO_INTEGER: metavalue detected, returning 0
at 15625 ps(2), Instance /tbench_eeprom_test/uut/UART_MODULE/fifo_tx_unit/ : Warning: NUMERIC_STD.TO_INTEGER: metavalue detected, returning 0
at 15625 ps(2), Instance /tbench_eeprom_test/uut/EEPROM_MODULE/SPI_INST/Inst_FIFO_TX/ : Warning: NUMERIC_STD.TO_INTEGER: metavalue detected, returning 0
at 15625 ps(2), Instance /tbench_eeprom_test/uut/EEPROM_MODULE/SPI_INST/Inst_FIFO_RX/ : Warning: NUMERIC_STD.TO_INTEGER: metavalue detected, returning 0
# restart
# run 10.00us
Simulator is doing circuit initialization process.
at 0 ps, Instance /tbench_eeprom_test/uut/UART_MODULE/fifo_rx_unit/ : Warning: NUMERIC_STD.TO_INTEGER: metavalue detected, returning 0
at 0 ps, Instance /tbench_eeprom_test/uut/UART_MODULE/fifo_tx_unit/ : Warning: NUMERIC_STD.TO_INTEGER: metavalue detected, returning 0
at 0 ps, Instance /tbench_eeprom_test/uut/EEPROM_MODULE/SPI_INST/Inst_FIFO_TX/ : Warning: NUMERIC_STD.TO_INTEGER: metavalue detected, returning 0
at 0 ps, Instance /tbench_eeprom_test/uut/EEPROM_MODULE/SPI_INST/Inst_FIFO_RX/ : Warning: NUMERIC_STD.TO_INTEGER: metavalue detected, returning 0
Finished circuit initialization process.
at 15625 ps(2), Instance /tbench_eeprom_test/uut/UART_MODULE/fifo_rx_unit/ : Warning: NUMERIC_STD.TO_INTEGER: metavalue detected, returning 0
at 15625 ps(2), Instance /tbench_eeprom_test/uut/UART_MODULE/fifo_tx_unit/ : Warning: NUMERIC_STD.TO_INTEGER: metavalue detected, returning 0
at 15625 ps(2), Instance /tbench_eeprom_test/uut/EEPROM_MODULE/SPI_INST/Inst_FIFO_TX/ : Warning: NUMERIC_STD.TO_INTEGER: metavalue detected, returning 0
at 15625 ps(2), Instance /tbench_eeprom_test/uut/EEPROM_MODULE/SPI_INST/Inst_FIFO_RX/ : Warning: NUMERIC_STD.TO_INTEGER: metavalue detected, returning 0
# run 10.00us
# run 10.00us
# run 10.00us
# restart
# run 10.00us
Simulator is doing circuit initialization process.
at 0 ps, Instance /tbench_eeprom_test/uut/UART_MODULE/fifo_rx_unit/ : Warning: NUMERIC_STD.TO_INTEGER: metavalue detected, returning 0
at 0 ps, Instance /tbench_eeprom_test/uut/UART_MODULE/fifo_tx_unit/ : Warning: NUMERIC_STD.TO_INTEGER: metavalue detected, returning 0
at 0 ps, Instance /tbench_eeprom_test/uut/EEPROM_MODULE/SPI_INST/Inst_FIFO_TX/ : Warning: NUMERIC_STD.TO_INTEGER: metavalue detected, returning 0
at 0 ps, Instance /tbench_eeprom_test/uut/EEPROM_MODULE/SPI_INST/Inst_FIFO_RX/ : Warning: NUMERIC_STD.TO_INTEGER: metavalue detected, returning 0
Finished circuit initialization process.
at 15625 ps(2), Instance /tbench_eeprom_test/uut/UART_MODULE/fifo_rx_unit/ : Warning: NUMERIC_STD.TO_INTEGER: metavalue detected, returning 0
at 15625 ps(2), Instance /tbench_eeprom_test/uut/UART_MODULE/fifo_tx_unit/ : Warning: NUMERIC_STD.TO_INTEGER: metavalue detected, returning 0
at 15625 ps(2), Instance /tbench_eeprom_test/uut/EEPROM_MODULE/SPI_INST/Inst_FIFO_TX/ : Warning: NUMERIC_STD.TO_INTEGER: metavalue detected, returning 0
at 15625 ps(2), Instance /tbench_eeprom_test/uut/EEPROM_MODULE/SPI_INST/Inst_FIFO_RX/ : Warning: NUMERIC_STD.TO_INTEGER: metavalue detected, returning 0
# restart
# run 100.00us
Simulator is doing circuit initialization process.
at 0 ps, Instance /tbench_eeprom_test/uut/UART_MODULE/fifo_rx_unit/ : Warning: NUMERIC_STD.TO_INTEGER: metavalue detected, returning 0
at 0 ps, Instance /tbench_eeprom_test/uut/UART_MODULE/fifo_tx_unit/ : Warning: NUMERIC_STD.TO_INTEGER: metavalue detected, returning 0
at 0 ps, Instance /tbench_eeprom_test/uut/EEPROM_MODULE/SPI_INST/Inst_FIFO_TX/ : Warning: NUMERIC_STD.TO_INTEGER: metavalue detected, returning 0
at 0 ps, Instance /tbench_eeprom_test/uut/EEPROM_MODULE/SPI_INST/Inst_FIFO_RX/ : Warning: NUMERIC_STD.TO_INTEGER: metavalue detected, returning 0
Finished circuit initialization process.
at 15625 ps(2), Instance /tbench_eeprom_test/uut/UART_MODULE/fifo_rx_unit/ : Warning: NUMERIC_STD.TO_INTEGER: metavalue detected, returning 0
at 15625 ps(2), Instance /tbench_eeprom_test/uut/UART_MODULE/fifo_tx_unit/ : Warning: NUMERIC_STD.TO_INTEGER: metavalue detected, returning 0
at 15625 ps(2), Instance /tbench_eeprom_test/uut/EEPROM_MODULE/SPI_INST/Inst_FIFO_TX/ : Warning: NUMERIC_STD.TO_INTEGER: metavalue detected, returning 0
at 15625 ps(2), Instance /tbench_eeprom_test/uut/EEPROM_MODULE/SPI_INST/Inst_FIFO_RX/ : Warning: NUMERIC_STD.TO_INTEGER: metavalue detected, returning 0
# restart
# run 100.00us
Simulator is doing circuit initialization process.
at 0 ps, Instance /tbench_eeprom_test/uut/UART_MODULE/fifo_rx_unit/ : Warning: NUMERIC_STD.TO_INTEGER: metavalue detected, returning 0
at 0 ps, Instance /tbench_eeprom_test/uut/UART_MODULE/fifo_tx_unit/ : Warning: NUMERIC_STD.TO_INTEGER: metavalue detected, returning 0
at 0 ps, Instance /tbench_eeprom_test/uut/EEPROM_MODULE/SPI_INST/Inst_FIFO_TX/ : Warning: NUMERIC_STD.TO_INTEGER: metavalue detected, returning 0
at 0 ps, Instance /tbench_eeprom_test/uut/EEPROM_MODULE/SPI_INST/Inst_FIFO_RX/ : Warning: NUMERIC_STD.TO_INTEGER: metavalue detected, returning 0
Finished circuit initialization process.
at 15625 ps(2), Instance /tbench_eeprom_test/uut/UART_MODULE/fifo_rx_unit/ : Warning: NUMERIC_STD.TO_INTEGER: metavalue detected, returning 0
at 15625 ps(2), Instance /tbench_eeprom_test/uut/UART_MODULE/fifo_tx_unit/ : Warning: NUMERIC_STD.TO_INTEGER: metavalue detected, returning 0
at 15625 ps(2), Instance /tbench_eeprom_test/uut/EEPROM_MODULE/SPI_INST/Inst_FIFO_TX/ : Warning: NUMERIC_STD.TO_INTEGER: metavalue detected, returning 0
at 15625 ps(2), Instance /tbench_eeprom_test/uut/EEPROM_MODULE/SPI_INST/Inst_FIFO_RX/ : Warning: NUMERIC_STD.TO_INTEGER: metavalue detected, returning 0
# restart
# run 1000.00us
Simulator is doing circuit initialization process.
at 0 ps, Instance /tbench_eeprom_test/uut/UART_MODULE/fifo_rx_unit/ : Warning: NUMERIC_STD.TO_INTEGER: metavalue detected, returning 0
at 0 ps, Instance /tbench_eeprom_test/uut/UART_MODULE/fifo_tx_unit/ : Warning: NUMERIC_STD.TO_INTEGER: metavalue detected, returning 0
at 0 ps, Instance /tbench_eeprom_test/uut/EEPROM_MODULE/SPI_INST/Inst_FIFO_TX/ : Warning: NUMERIC_STD.TO_INTEGER: metavalue detected, returning 0
at 0 ps, Instance /tbench_eeprom_test/uut/EEPROM_MODULE/SPI_INST/Inst_FIFO_RX/ : Warning: NUMERIC_STD.TO_INTEGER: metavalue detected, returning 0
Finished circuit initialization process.
at 15625 ps(2), Instance /tbench_eeprom_test/uut/UART_MODULE/fifo_rx_unit/ : Warning: NUMERIC_STD.TO_INTEGER: metavalue detected, returning 0
at 15625 ps(2), Instance /tbench_eeprom_test/uut/UART_MODULE/fifo_tx_unit/ : Warning: NUMERIC_STD.TO_INTEGER: metavalue detected, returning 0
at 15625 ps(2), Instance /tbench_eeprom_test/uut/EEPROM_MODULE/SPI_INST/Inst_FIFO_TX/ : Warning: NUMERIC_STD.TO_INTEGER: metavalue detected, returning 0
at 15625 ps(2), Instance /tbench_eeprom_test/uut/EEPROM_MODULE/SPI_INST/Inst_FIFO_RX/ : Warning: NUMERIC_STD.TO_INTEGER: metavalue detected, returning 0
ISim P.28xd (signature 0xa0883be4)
This is a Full version of ISim.
# run 1000 ns
Simulator is doing circuit initialization process.
at 0 ps, Instance /tbench_eeprom_test/uut/UART_MODULE/fifo_rx_unit/ : Warning: NUMERIC_STD.TO_INTEGER: metavalue detected, returning 0
at 0 ps, Instance /tbench_eeprom_test/uut/UART_MODULE/fifo_tx_unit/ : Warning: NUMERIC_STD.TO_INTEGER: metavalue detected, returning 0
at 0 ps, Instance /tbench_eeprom_test/uut/EEPROM_MODULE/SPI_INST/Inst_FIFO_TX/ : Warning: NUMERIC_STD.TO_INTEGER: metavalue detected, returning 0
at 0 ps, Instance /tbench_eeprom_test/uut/EEPROM_MODULE/SPI_INST/Inst_FIFO_RX/ : Warning: NUMERIC_STD.TO_INTEGER: metavalue detected, returning 0
Finished circuit initialization process.
at 15625 ps(2), Instance /tbench_eeprom_test/uut/UART_MODULE/fifo_rx_unit/ : Warning: NUMERIC_STD.TO_INTEGER: metavalue detected, returning 0
at 15625 ps(2), Instance /tbench_eeprom_test/uut/UART_MODULE/fifo_tx_unit/ : Warning: NUMERIC_STD.TO_INTEGER: metavalue detected, returning 0
at 15625 ps(2), Instance /tbench_eeprom_test/uut/EEPROM_MODULE/SPI_INST/Inst_FIFO_TX/ : Warning: NUMERIC_STD.TO_INTEGER: metavalue detected, returning 0
at 15625 ps(2), Instance /tbench_eeprom_test/uut/EEPROM_MODULE/SPI_INST/Inst_FIFO_RX/ : Warning: NUMERIC_STD.TO_INTEGER: metavalue detected, returning 0
# restart
# run 1000.00us
Simulator is doing circuit initialization process.
at 0 ps, Instance /tbench_eeprom_test/uut/UART_MODULE/fifo_rx_unit/ : Warning: NUMERIC_STD.TO_INTEGER: metavalue detected, returning 0
at 0 ps, Instance /tbench_eeprom_test/uut/UART_MODULE/fifo_tx_unit/ : Warning: NUMERIC_STD.TO_INTEGER: metavalue detected, returning 0
at 0 ps, Instance /tbench_eeprom_test/uut/EEPROM_MODULE/SPI_INST/Inst_FIFO_TX/ : Warning: NUMERIC_STD.TO_INTEGER: metavalue detected, returning 0
at 0 ps, Instance /tbench_eeprom_test/uut/EEPROM_MODULE/SPI_INST/Inst_FIFO_RX/ : Warning: NUMERIC_STD.TO_INTEGER: metavalue detected, returning 0
Finished circuit initialization process.
at 15625 ps(2), Instance /tbench_eeprom_test/uut/UART_MODULE/fifo_rx_unit/ : Warning: NUMERIC_STD.TO_INTEGER: metavalue detected, returning 0
at 15625 ps(2), Instance /tbench_eeprom_test/uut/UART_MODULE/fifo_tx_unit/ : Warning: NUMERIC_STD.TO_INTEGER: metavalue detected, returning 0
at 15625 ps(2), Instance /tbench_eeprom_test/uut/EEPROM_MODULE/SPI_INST/Inst_FIFO_TX/ : Warning: NUMERIC_STD.TO_INTEGER: metavalue detected, returning 0
at 15625 ps(2), Instance /tbench_eeprom_test/uut/EEPROM_MODULE/SPI_INST/Inst_FIFO_RX/ : Warning: NUMERIC_STD.TO_INTEGER: metavalue detected, returning 0
ISim P.28xd (signature 0xa0883be4)
This is a Full version of ISim.
# run 1000 ns
Simulator is doing circuit initialization process.
at 0 ps, Instance /tbench_eeprom_test/uut/UART_MODULE/fifo_rx_unit/ : Warning: NUMERIC_STD.TO_INTEGER: metavalue detected, returning 0
at 0 ps, Instance /tbench_eeprom_test/uut/UART_MODULE/fifo_tx_unit/ : Warning: NUMERIC_STD.TO_INTEGER: metavalue detected, returning 0
at 0 ps, Instance /tbench_eeprom_test/uut/EEPROM_MODULE/SPI_INST/Inst_FIFO_TX/ : Warning: NUMERIC_STD.TO_INTEGER: metavalue detected, returning 0
at 0 ps, Instance /tbench_eeprom_test/uut/EEPROM_MODULE/SPI_INST/Inst_FIFO_RX/ : Warning: NUMERIC_STD.TO_INTEGER: metavalue detected, returning 0
Finished circuit initialization process.
at 15625 ps(2), Instance /tbench_eeprom_test/uut/UART_MODULE/fifo_rx_unit/ : Warning: NUMERIC_STD.TO_INTEGER: metavalue detected, returning 0
at 15625 ps(2), Instance /tbench_eeprom_test/uut/UART_MODULE/fifo_tx_unit/ : Warning: NUMERIC_STD.TO_INTEGER: metavalue detected, returning 0
at 15625 ps(2), Instance /tbench_eeprom_test/uut/EEPROM_MODULE/SPI_INST/Inst_FIFO_TX/ : Warning: NUMERIC_STD.TO_INTEGER: metavalue detected, returning 0
at 15625 ps(2), Instance /tbench_eeprom_test/uut/EEPROM_MODULE/SPI_INST/Inst_FIFO_RX/ : Warning: NUMERIC_STD.TO_INTEGER: metavalue detected, returning 0
# run 1000.00us
# restart
# run 1100.00us
Simulator is doing circuit initialization process.
at 0 ps, Instance /tbench_eeprom_test/uut/UART_MODULE/fifo_rx_unit/ : Warning: NUMERIC_STD.TO_INTEGER: metavalue detected, returning 0
at 0 ps, Instance /tbench_eeprom_test/uut/UART_MODULE/fifo_tx_unit/ : Warning: NUMERIC_STD.TO_INTEGER: metavalue detected, returning 0
at 0 ps, Instance /tbench_eeprom_test/uut/EEPROM_MODULE/SPI_INST/Inst_FIFO_TX/ : Warning: NUMERIC_STD.TO_INTEGER: metavalue detected, returning 0
at 0 ps, Instance /tbench_eeprom_test/uut/EEPROM_MODULE/SPI_INST/Inst_FIFO_RX/ : Warning: NUMERIC_STD.TO_INTEGER: metavalue detected, returning 0
Finished circuit initialization process.
at 15625 ps(2), Instance /tbench_eeprom_test/uut/UART_MODULE/fifo_rx_unit/ : Warning: NUMERIC_STD.TO_INTEGER: metavalue detected, returning 0
at 15625 ps(2), Instance /tbench_eeprom_test/uut/UART_MODULE/fifo_tx_unit/ : Warning: NUMERIC_STD.TO_INTEGER: metavalue detected, returning 0
at 15625 ps(2), Instance /tbench_eeprom_test/uut/EEPROM_MODULE/SPI_INST/Inst_FIFO_TX/ : Warning: NUMERIC_STD.TO_INTEGER: metavalue detected, returning 0
at 15625 ps(2), Instance /tbench_eeprom_test/uut/EEPROM_MODULE/SPI_INST/Inst_FIFO_RX/ : Warning: NUMERIC_STD.TO_INTEGER: metavalue detected, returning 0
# restart
# run 1100.00us
Simulator is doing circuit initialization process.
at 0 ps, Instance /tbench_eeprom_test/uut/UART_MODULE/fifo_rx_unit/ : Warning: NUMERIC_STD.TO_INTEGER: metavalue detected, returning 0
at 0 ps, Instance /tbench_eeprom_test/uut/UART_MODULE/fifo_tx_unit/ : Warning: NUMERIC_STD.TO_INTEGER: metavalue detected, returning 0
at 0 ps, Instance /tbench_eeprom_test/uut/EEPROM_MODULE/SPI_INST/Inst_FIFO_TX/ : Warning: NUMERIC_STD.TO_INTEGER: metavalue detected, returning 0
at 0 ps, Instance /tbench_eeprom_test/uut/EEPROM_MODULE/SPI_INST/Inst_FIFO_RX/ : Warning: NUMERIC_STD.TO_INTEGER: metavalue detected, returning 0
Finished circuit initialization process.
at 15625 ps(2), Instance /tbench_eeprom_test/uut/UART_MODULE/fifo_rx_unit/ : Warning: NUMERIC_STD.TO_INTEGER: metavalue detected, returning 0
at 15625 ps(2), Instance /tbench_eeprom_test/uut/UART_MODULE/fifo_tx_unit/ : Warning: NUMERIC_STD.TO_INTEGER: metavalue detected, returning 0
at 15625 ps(2), Instance /tbench_eeprom_test/uut/EEPROM_MODULE/SPI_INST/Inst_FIFO_TX/ : Warning: NUMERIC_STD.TO_INTEGER: metavalue detected, returning 0
at 15625 ps(2), Instance /tbench_eeprom_test/uut/EEPROM_MODULE/SPI_INST/Inst_FIFO_RX/ : Warning: NUMERIC_STD.TO_INTEGER: metavalue detected, returning 0
# restart
# run 1100.00us
Simulator is doing circuit initialization process.
at 0 ps, Instance /tbench_eeprom_test/uut/UART_MODULE/fifo_rx_unit/ : Warning: NUMERIC_STD.TO_INTEGER: metavalue detected, returning 0
at 0 ps, Instance /tbench_eeprom_test/uut/UART_MODULE/fifo_tx_unit/ : Warning: NUMERIC_STD.TO_INTEGER: metavalue detected, returning 0
at 0 ps, Instance /tbench_eeprom_test/uut/EEPROM_MODULE/SPI_INST/Inst_FIFO_TX/ : Warning: NUMERIC_STD.TO_INTEGER: metavalue detected, returning 0
at 0 ps, Instance /tbench_eeprom_test/uut/EEPROM_MODULE/SPI_INST/Inst_FIFO_RX/ : Warning: NUMERIC_STD.TO_INTEGER: metavalue detected, returning 0
Finished circuit initialization process.
at 15625 ps(2), Instance /tbench_eeprom_test/uut/UART_MODULE/fifo_rx_unit/ : Warning: NUMERIC_STD.TO_INTEGER: metavalue detected, returning 0
at 15625 ps(2), Instance /tbench_eeprom_test/uut/UART_MODULE/fifo_tx_unit/ : Warning: NUMERIC_STD.TO_INTEGER: metavalue detected, returning 0
at 15625 ps(2), Instance /tbench_eeprom_test/uut/EEPROM_MODULE/SPI_INST/Inst_FIFO_TX/ : Warning: NUMERIC_STD.TO_INTEGER: metavalue detected, returning 0
at 15625 ps(2), Instance /tbench_eeprom_test/uut/EEPROM_MODULE/SPI_INST/Inst_FIFO_RX/ : Warning: NUMERIC_STD.TO_INTEGER: metavalue detected, returning 0
ISim P.28xd (signature 0xa0883be4)
This is a Full version of ISim.
# run 1000 ns
Simulator is doing circuit initialization process.
at 0 ps, Instance /tbench_eeprom_test/uut/UART_MODULE/fifo_rx_unit/ : Warning: NUMERIC_STD.TO_INTEGER: metavalue detected, returning 0
at 0 ps, Instance /tbench_eeprom_test/uut/UART_MODULE/fifo_tx_unit/ : Warning: NUMERIC_STD.TO_INTEGER: metavalue detected, returning 0
at 0 ps, Instance /tbench_eeprom_test/uut/EEPROM_MODULE/SPI_INST/Inst_FIFO_TX/ : Warning: NUMERIC_STD.TO_INTEGER: metavalue detected, returning 0
at 0 ps, Instance /tbench_eeprom_test/uut/EEPROM_MODULE/SPI_INST/Inst_FIFO_RX/ : Warning: NUMERIC_STD.TO_INTEGER: metavalue detected, returning 0
Finished circuit initialization process.
at 15625 ps(2), Instance /tbench_eeprom_test/uut/UART_MODULE/fifo_rx_unit/ : Warning: NUMERIC_STD.TO_INTEGER: metavalue detected, returning 0
at 15625 ps(2), Instance /tbench_eeprom_test/uut/UART_MODULE/fifo_tx_unit/ : Warning: NUMERIC_STD.TO_INTEGER: metavalue detected, returning 0
at 15625 ps(2), Instance /tbench_eeprom_test/uut/EEPROM_MODULE/SPI_INST/Inst_FIFO_TX/ : Warning: NUMERIC_STD.TO_INTEGER: metavalue detected, returning 0
at 15625 ps(2), Instance /tbench_eeprom_test/uut/EEPROM_MODULE/SPI_INST/Inst_FIFO_RX/ : Warning: NUMERIC_STD.TO_INTEGER: metavalue detected, returning 0
# restart
# run 1100.00us
Simulator is doing circuit initialization process.
at 0 ps, Instance /tbench_eeprom_test/uut/UART_MODULE/fifo_rx_unit/ : Warning: NUMERIC_STD.TO_INTEGER: metavalue detected, returning 0
at 0 ps, Instance /tbench_eeprom_test/uut/UART_MODULE/fifo_tx_unit/ : Warning: NUMERIC_STD.TO_INTEGER: metavalue detected, returning 0
at 0 ps, Instance /tbench_eeprom_test/uut/EEPROM_MODULE/SPI_INST/Inst_FIFO_TX/ : Warning: NUMERIC_STD.TO_INTEGER: metavalue detected, returning 0
at 0 ps, Instance /tbench_eeprom_test/uut/EEPROM_MODULE/SPI_INST/Inst_FIFO_RX/ : Warning: NUMERIC_STD.TO_INTEGER: metavalue detected, returning 0
Finished circuit initialization process.
at 15625 ps(2), Instance /tbench_eeprom_test/uut/UART_MODULE/fifo_rx_unit/ : Warning: NUMERIC_STD.TO_INTEGER: metavalue detected, returning 0
at 15625 ps(2), Instance /tbench_eeprom_test/uut/UART_MODULE/fifo_tx_unit/ : Warning: NUMERIC_STD.TO_INTEGER: metavalue detected, returning 0
at 15625 ps(2), Instance /tbench_eeprom_test/uut/EEPROM_MODULE/SPI_INST/Inst_FIFO_TX/ : Warning: NUMERIC_STD.TO_INTEGER: metavalue detected, returning 0
at 15625 ps(2), Instance /tbench_eeprom_test/uut/EEPROM_MODULE/SPI_INST/Inst_FIFO_RX/ : Warning: NUMERIC_STD.TO_INTEGER: metavalue detected, returning 0
# restart
# run 1100.00us
Simulator is doing circuit initialization process.
at 0 ps, Instance /tbench_eeprom_test/uut/UART_MODULE/fifo_rx_unit/ : Warning: NUMERIC_STD.TO_INTEGER: metavalue detected, returning 0
at 0 ps, Instance /tbench_eeprom_test/uut/UART_MODULE/fifo_tx_unit/ : Warning: NUMERIC_STD.TO_INTEGER: metavalue detected, returning 0
at 0 ps, Instance /tbench_eeprom_test/uut/EEPROM_MODULE/SPI_INST/Inst_FIFO_TX/ : Warning: NUMERIC_STD.TO_INTEGER: metavalue detected, returning 0
at 0 ps, Instance /tbench_eeprom_test/uut/EEPROM_MODULE/SPI_INST/Inst_FIFO_RX/ : Warning: NUMERIC_STD.TO_INTEGER: metavalue detected, returning 0
Finished circuit initialization process.
at 15625 ps(2), Instance /tbench_eeprom_test/uut/UART_MODULE/fifo_rx_unit/ : Warning: NUMERIC_STD.TO_INTEGER: metavalue detected, returning 0
at 15625 ps(2), Instance /tbench_eeprom_test/uut/UART_MODULE/fifo_tx_unit/ : Warning: NUMERIC_STD.TO_INTEGER: metavalue detected, returning 0
at 15625 ps(2), Instance /tbench_eeprom_test/uut/EEPROM_MODULE/SPI_INST/Inst_FIFO_TX/ : Warning: NUMERIC_STD.TO_INTEGER: metavalue detected, returning 0
at 15625 ps(2), Instance /tbench_eeprom_test/uut/EEPROM_MODULE/SPI_INST/Inst_FIFO_RX/ : Warning: NUMERIC_STD.TO_INTEGER: metavalue detected, returning 0
ISim P.28xd (signature 0xa0883be4)
This is a Full version of ISim.
# run 1000 ns
Simulator is doing circuit initialization process.
at 0 ps, Instance /tbench_eeprom_test/uut/UART_MODULE/fifo_rx_unit/ : Warning: NUMERIC_STD.TO_INTEGER: metavalue detected, returning 0
at 0 ps, Instance /tbench_eeprom_test/uut/UART_MODULE/fifo_tx_unit/ : Warning: NUMERIC_STD.TO_INTEGER: metavalue detected, returning 0
at 0 ps, Instance /tbench_eeprom_test/uut/EEPROM_MODULE/SPI_INST/Inst_FIFO_TX/ : Warning: NUMERIC_STD.TO_INTEGER: metavalue detected, returning 0
at 0 ps, Instance /tbench_eeprom_test/uut/EEPROM_MODULE/SPI_INST/Inst_FIFO_RX/ : Warning: NUMERIC_STD.TO_INTEGER: metavalue detected, returning 0
Finished circuit initialization process.
at 15625 ps(2), Instance /tbench_eeprom_test/uut/UART_MODULE/fifo_rx_unit/ : Warning: NUMERIC_STD.TO_INTEGER: metavalue detected, returning 0
at 15625 ps(2), Instance /tbench_eeprom_test/uut/UART_MODULE/fifo_tx_unit/ : Warning: NUMERIC_STD.TO_INTEGER: metavalue detected, returning 0
at 15625 ps(2), Instance /tbench_eeprom_test/uut/EEPROM_MODULE/SPI_INST/Inst_FIFO_TX/ : Warning: NUMERIC_STD.TO_INTEGER: metavalue detected, returning 0
at 15625 ps(2), Instance /tbench_eeprom_test/uut/EEPROM_MODULE/SPI_INST/Inst_FIFO_RX/ : Warning: NUMERIC_STD.TO_INTEGER: metavalue detected, returning 0
# restart
# run 1100.00us
Simulator is doing circuit initialization process.
at 0 ps, Instance /tbench_eeprom_test/uut/UART_MODULE/fifo_rx_unit/ : Warning: NUMERIC_STD.TO_INTEGER: metavalue detected, returning 0
at 0 ps, Instance /tbench_eeprom_test/uut/UART_MODULE/fifo_tx_unit/ : Warning: NUMERIC_STD.TO_INTEGER: metavalue detected, returning 0
at 0 ps, Instance /tbench_eeprom_test/uut/EEPROM_MODULE/SPI_INST/Inst_FIFO_TX/ : Warning: NUMERIC_STD.TO_INTEGER: metavalue detected, returning 0
at 0 ps, Instance /tbench_eeprom_test/uut/EEPROM_MODULE/SPI_INST/Inst_FIFO_RX/ : Warning: NUMERIC_STD.TO_INTEGER: metavalue detected, returning 0
Finished circuit initialization process.
at 15625 ps(2), Instance /tbench_eeprom_test/uut/UART_MODULE/fifo_rx_unit/ : Warning: NUMERIC_STD.TO_INTEGER: metavalue detected, returning 0
at 15625 ps(2), Instance /tbench_eeprom_test/uut/UART_MODULE/fifo_tx_unit/ : Warning: NUMERIC_STD.TO_INTEGER: metavalue detected, returning 0
at 15625 ps(2), Instance /tbench_eeprom_test/uut/EEPROM_MODULE/SPI_INST/Inst_FIFO_TX/ : Warning: NUMERIC_STD.TO_INTEGER: metavalue detected, returning 0
at 15625 ps(2), Instance /tbench_eeprom_test/uut/EEPROM_MODULE/SPI_INST/Inst_FIFO_RX/ : Warning: NUMERIC_STD.TO_INTEGER: metavalue detected, returning 0
ISim P.28xd (signature 0xa0883be4)
This is a Full version of ISim.
# run 1000 ns
Simulator is doing circuit initialization process.
at 0 ps, Instance /tbench_eeprom_test/uut/UART_MODULE/fifo_rx_unit/ : Warning: NUMERIC_STD.TO_INTEGER: metavalue detected, returning 0
at 0 ps, Instance /tbench_eeprom_test/uut/UART_MODULE/fifo_tx_unit/ : Warning: NUMERIC_STD.TO_INTEGER: metavalue detected, returning 0
at 0 ps, Instance /tbench_eeprom_test/uut/EEPROM_MODULE/SPI_INST/Inst_FIFO_TX/ : Warning: NUMERIC_STD.TO_INTEGER: metavalue detected, returning 0
at 0 ps, Instance /tbench_eeprom_test/uut/EEPROM_MODULE/SPI_INST/Inst_FIFO_RX/ : Warning: NUMERIC_STD.TO_INTEGER: metavalue detected, returning 0
Finished circuit initialization process.
at 15625 ps(2), Instance /tbench_eeprom_test/uut/UART_MODULE/fifo_rx_unit/ : Warning: NUMERIC_STD.TO_INTEGER: metavalue detected, returning 0
at 15625 ps(2), Instance /tbench_eeprom_test/uut/UART_MODULE/fifo_tx_unit/ : Warning: NUMERIC_STD.TO_INTEGER: metavalue detected, returning 0
at 15625 ps(2), Instance /tbench_eeprom_test/uut/EEPROM_MODULE/SPI_INST/Inst_FIFO_TX/ : Warning: NUMERIC_STD.TO_INTEGER: metavalue detected, returning 0
at 15625 ps(2), Instance /tbench_eeprom_test/uut/EEPROM_MODULE/SPI_INST/Inst_FIFO_RX/ : Warning: NUMERIC_STD.TO_INTEGER: metavalue detected, returning 0
# restart
# run 1100.00us
Simulator is doing circuit initialization process.
at 0 ps, Instance /tbench_eeprom_test/uut/UART_MODULE/fifo_rx_unit/ : Warning: NUMERIC_STD.TO_INTEGER: metavalue detected, returning 0
at 0 ps, Instance /tbench_eeprom_test/uut/UART_MODULE/fifo_tx_unit/ : Warning: NUMERIC_STD.TO_INTEGER: metavalue detected, returning 0
at 0 ps, Instance /tbench_eeprom_test/uut/EEPROM_MODULE/SPI_INST/Inst_FIFO_TX/ : Warning: NUMERIC_STD.TO_INTEGER: metavalue detected, returning 0
at 0 ps, Instance /tbench_eeprom_test/uut/EEPROM_MODULE/SPI_INST/Inst_FIFO_RX/ : Warning: NUMERIC_STD.TO_INTEGER: metavalue detected, returning 0
Finished circuit initialization process.
at 15625 ps(2), Instance /tbench_eeprom_test/uut/UART_MODULE/fifo_rx_unit/ : Warning: NUMERIC_STD.TO_INTEGER: metavalue detected, returning 0
at 15625 ps(2), Instance /tbench_eeprom_test/uut/UART_MODULE/fifo_tx_unit/ : Warning: NUMERIC_STD.TO_INTEGER: metavalue detected, returning 0
at 15625 ps(2), Instance /tbench_eeprom_test/uut/EEPROM_MODULE/SPI_INST/Inst_FIFO_TX/ : Warning: NUMERIC_STD.TO_INTEGER: metavalue detected, returning 0
at 15625 ps(2), Instance /tbench_eeprom_test/uut/EEPROM_MODULE/SPI_INST/Inst_FIFO_RX/ : Warning: NUMERIC_STD.TO_INTEGER: metavalue detected, returning 0
# run 1100.00us
ISim P.28xd (signature 0xa0883be4)
This is a Full version of ISim.
# run 1000 ns
Simulator is doing circuit initialization process.
at 0 ps, Instance /tbench_eeprom_test/uut/UART_MODULE/fifo_rx_unit/ : Warning: NUMERIC_STD.TO_INTEGER: metavalue detected, returning 0
at 0 ps, Instance /tbench_eeprom_test/uut/UART_MODULE/fifo_tx_unit/ : Warning: NUMERIC_STD.TO_INTEGER: metavalue detected, returning 0
at 0 ps, Instance /tbench_eeprom_test/uut/EEPROM_MODULE/SPI_INST/Inst_FIFO_TX/ : Warning: NUMERIC_STD.TO_INTEGER: metavalue detected, returning 0
at 0 ps, Instance /tbench_eeprom_test/uut/EEPROM_MODULE/SPI_INST/Inst_FIFO_RX/ : Warning: NUMERIC_STD.TO_INTEGER: metavalue detected, returning 0
Finished circuit initialization process.
at 15625 ps(2), Instance /tbench_eeprom_test/uut/UART_MODULE/fifo_rx_unit/ : Warning: NUMERIC_STD.TO_INTEGER: metavalue detected, returning 0
at 15625 ps(2), Instance /tbench_eeprom_test/uut/UART_MODULE/fifo_tx_unit/ : Warning: NUMERIC_STD.TO_INTEGER: metavalue detected, returning 0
at 15625 ps(2), Instance /tbench_eeprom_test/uut/EEPROM_MODULE/SPI_INST/Inst_FIFO_TX/ : Warning: NUMERIC_STD.TO_INTEGER: metavalue detected, returning 0
at 15625 ps(2), Instance /tbench_eeprom_test/uut/EEPROM_MODULE/SPI_INST/Inst_FIFO_RX/ : Warning: NUMERIC_STD.TO_INTEGER: metavalue detected, returning 0
# restart
# run 1100.00us
Simulator is doing circuit initialization process.
at 0 ps, Instance /tbench_eeprom_test/uut/UART_MODULE/fifo_rx_unit/ : Warning: NUMERIC_STD.TO_INTEGER: metavalue detected, returning 0
at 0 ps, Instance /tbench_eeprom_test/uut/UART_MODULE/fifo_tx_unit/ : Warning: NUMERIC_STD.TO_INTEGER: metavalue detected, returning 0
at 0 ps, Instance /tbench_eeprom_test/uut/EEPROM_MODULE/SPI_INST/Inst_FIFO_TX/ : Warning: NUMERIC_STD.TO_INTEGER: metavalue detected, returning 0
at 0 ps, Instance /tbench_eeprom_test/uut/EEPROM_MODULE/SPI_INST/Inst_FIFO_RX/ : Warning: NUMERIC_STD.TO_INTEGER: metavalue detected, returning 0
Finished circuit initialization process.
at 15625 ps(2), Instance /tbench_eeprom_test/uut/UART_MODULE/fifo_rx_unit/ : Warning: NUMERIC_STD.TO_INTEGER: metavalue detected, returning 0
at 15625 ps(2), Instance /tbench_eeprom_test/uut/UART_MODULE/fifo_tx_unit/ : Warning: NUMERIC_STD.TO_INTEGER: metavalue detected, returning 0
at 15625 ps(2), Instance /tbench_eeprom_test/uut/EEPROM_MODULE/SPI_INST/Inst_FIFO_TX/ : Warning: NUMERIC_STD.TO_INTEGER: metavalue detected, returning 0
at 15625 ps(2), Instance /tbench_eeprom_test/uut/EEPROM_MODULE/SPI_INST/Inst_FIFO_RX/ : Warning: NUMERIC_STD.TO_INTEGER: metavalue detected, returning 0
# run 1100.00us
ISim P.28xd (signature 0xa0883be4)
This is a Full version of ISim.
# run 1000 ns
Simulator is doing circuit initialization process.
at 0 ps, Instance /tbench_eeprom_test/uut/UART_MODULE/fifo_rx_unit/ : Warning: NUMERIC_STD.TO_INTEGER: metavalue detected, returning 0
at 0 ps, Instance /tbench_eeprom_test/uut/UART_MODULE/fifo_tx_unit/ : Warning: NUMERIC_STD.TO_INTEGER: metavalue detected, returning 0
at 0 ps, Instance /tbench_eeprom_test/uut/EEPROM_MODULE/SPI_INST/Inst_FIFO_TX/ : Warning: NUMERIC_STD.TO_INTEGER: metavalue detected, returning 0
at 0 ps, Instance /tbench_eeprom_test/uut/EEPROM_MODULE/SPI_INST/Inst_FIFO_RX/ : Warning: NUMERIC_STD.TO_INTEGER: metavalue detected, returning 0
Finished circuit initialization process.
at 15625 ps(2), Instance /tbench_eeprom_test/uut/UART_MODULE/fifo_rx_unit/ : Warning: NUMERIC_STD.TO_INTEGER: metavalue detected, returning 0
at 15625 ps(2), Instance /tbench_eeprom_test/uut/UART_MODULE/fifo_tx_unit/ : Warning: NUMERIC_STD.TO_INTEGER: metavalue detected, returning 0
at 15625 ps(2), Instance /tbench_eeprom_test/uut/EEPROM_MODULE/SPI_INST/Inst_FIFO_TX/ : Warning: NUMERIC_STD.TO_INTEGER: metavalue detected, returning 0
at 15625 ps(2), Instance /tbench_eeprom_test/uut/EEPROM_MODULE/SPI_INST/Inst_FIFO_RX/ : Warning: NUMERIC_STD.TO_INTEGER: metavalue detected, returning 0
ISim P.28xd (signature 0xa0883be4)
This is a Full version of ISim.
# run 1000 ns
Simulator is doing circuit initialization process.
at 0 ps, Instance /tbench_eeprom_test/uut/UART_MODULE/fifo_rx_unit/ : Warning: NUMERIC_STD.TO_INTEGER: metavalue detected, returning 0
at 0 ps, Instance /tbench_eeprom_test/uut/UART_MODULE/fifo_tx_unit/ : Warning: NUMERIC_STD.TO_INTEGER: metavalue detected, returning 0
at 0 ps, Instance /tbench_eeprom_test/uut/EEPROM_MODULE/SPI_INST/Inst_FIFO_TX/ : Warning: NUMERIC_STD.TO_INTEGER: metavalue detected, returning 0
at 0 ps, Instance /tbench_eeprom_test/uut/EEPROM_MODULE/SPI_INST/Inst_FIFO_RX/ : Warning: NUMERIC_STD.TO_INTEGER: metavalue detected, returning 0
Finished circuit initialization process.
at 15625 ps(2), Instance /tbench_eeprom_test/uut/UART_MODULE/fifo_rx_unit/ : Warning: NUMERIC_STD.TO_INTEGER: metavalue detected, returning 0
at 15625 ps(2), Instance /tbench_eeprom_test/uut/UART_MODULE/fifo_tx_unit/ : Warning: NUMERIC_STD.TO_INTEGER: metavalue detected, returning 0
at 15625 ps(2), Instance /tbench_eeprom_test/uut/EEPROM_MODULE/SPI_INST/Inst_FIFO_TX/ : Warning: NUMERIC_STD.TO_INTEGER: metavalue detected, returning 0
at 15625 ps(2), Instance /tbench_eeprom_test/uut/EEPROM_MODULE/SPI_INST/Inst_FIFO_RX/ : Warning: NUMERIC_STD.TO_INTEGER: metavalue detected, returning 0
# restart
# run 1100.00us
Simulator is doing circuit initialization process.
at 0 ps, Instance /tbench_eeprom_test/uut/UART_MODULE/fifo_rx_unit/ : Warning: NUMERIC_STD.TO_INTEGER: metavalue detected, returning 0
at 0 ps, Instance /tbench_eeprom_test/uut/UART_MODULE/fifo_tx_unit/ : Warning: NUMERIC_STD.TO_INTEGER: metavalue detected, returning 0
at 0 ps, Instance /tbench_eeprom_test/uut/EEPROM_MODULE/SPI_INST/Inst_FIFO_TX/ : Warning: NUMERIC_STD.TO_INTEGER: metavalue detected, returning 0
at 0 ps, Instance /tbench_eeprom_test/uut/EEPROM_MODULE/SPI_INST/Inst_FIFO_RX/ : Warning: NUMERIC_STD.TO_INTEGER: metavalue detected, returning 0
Finished circuit initialization process.
at 15625 ps(2), Instance /tbench_eeprom_test/uut/UART_MODULE/fifo_rx_unit/ : Warning: NUMERIC_STD.TO_INTEGER: metavalue detected, returning 0
at 15625 ps(2), Instance /tbench_eeprom_test/uut/UART_MODULE/fifo_tx_unit/ : Warning: NUMERIC_STD.TO_INTEGER: metavalue detected, returning 0
at 15625 ps(2), Instance /tbench_eeprom_test/uut/EEPROM_MODULE/SPI_INST/Inst_FIFO_TX/ : Warning: NUMERIC_STD.TO_INTEGER: metavalue detected, returning 0
at 15625 ps(2), Instance /tbench_eeprom_test/uut/EEPROM_MODULE/SPI_INST/Inst_FIFO_RX/ : Warning: NUMERIC_STD.TO_INTEGER: metavalue detected, returning 0
# restart
# run 1100.00us
Simulator is doing circuit initialization process.
at 0 ps, Instance /tbench_eeprom_test/uut/UART_MODULE/fifo_rx_unit/ : Warning: NUMERIC_STD.TO_INTEGER: metavalue detected, returning 0
at 0 ps, Instance /tbench_eeprom_test/uut/UART_MODULE/fifo_tx_unit/ : Warning: NUMERIC_STD.TO_INTEGER: metavalue detected, returning 0
at 0 ps, Instance /tbench_eeprom_test/uut/EEPROM_MODULE/SPI_INST/Inst_FIFO_TX/ : Warning: NUMERIC_STD.TO_INTEGER: metavalue detected, returning 0
at 0 ps, Instance /tbench_eeprom_test/uut/EEPROM_MODULE/SPI_INST/Inst_FIFO_RX/ : Warning: NUMERIC_STD.TO_INTEGER: metavalue detected, returning 0
Finished circuit initialization process.
at 15625 ps(2), Instance /tbench_eeprom_test/uut/UART_MODULE/fifo_rx_unit/ : Warning: NUMERIC_STD.TO_INTEGER: metavalue detected, returning 0
at 15625 ps(2), Instance /tbench_eeprom_test/uut/UART_MODULE/fifo_tx_unit/ : Warning: NUMERIC_STD.TO_INTEGER: metavalue detected, returning 0
at 15625 ps(2), Instance /tbench_eeprom_test/uut/EEPROM_MODULE/SPI_INST/Inst_FIFO_TX/ : Warning: NUMERIC_STD.TO_INTEGER: metavalue detected, returning 0
at 15625 ps(2), Instance /tbench_eeprom_test/uut/EEPROM_MODULE/SPI_INST/Inst_FIFO_RX/ : Warning: NUMERIC_STD.TO_INTEGER: metavalue detected, returning 0
# run 1100.00us
# run 1100.00us
ISim P.28xd (signature 0xa0883be4)
This is a Full version of ISim.
# run 1000 ns
Simulator is doing circuit initialization process.
at 0 ps, Instance /tbench_eeprom_test/uut/UART_MODULE/fifo_rx_unit/ : Warning: NUMERIC_STD.TO_INTEGER: metavalue detected, returning 0
at 0 ps, Instance /tbench_eeprom_test/uut/UART_MODULE/fifo_tx_unit/ : Warning: NUMERIC_STD.TO_INTEGER: metavalue detected, returning 0
at 0 ps, Instance /tbench_eeprom_test/uut/EEPROM_MODULE/SPI_INST/Inst_FIFO_TX/ : Warning: NUMERIC_STD.TO_INTEGER: metavalue detected, returning 0
at 0 ps, Instance /tbench_eeprom_test/uut/EEPROM_MODULE/SPI_INST/Inst_FIFO_RX/ : Warning: NUMERIC_STD.TO_INTEGER: metavalue detected, returning 0
Finished circuit initialization process.
at 15625 ps(2), Instance /tbench_eeprom_test/uut/UART_MODULE/fifo_rx_unit/ : Warning: NUMERIC_STD.TO_INTEGER: metavalue detected, returning 0
at 15625 ps(2), Instance /tbench_eeprom_test/uut/UART_MODULE/fifo_tx_unit/ : Warning: NUMERIC_STD.TO_INTEGER: metavalue detected, returning 0
at 15625 ps(2), Instance /tbench_eeprom_test/uut/EEPROM_MODULE/SPI_INST/Inst_FIFO_TX/ : Warning: NUMERIC_STD.TO_INTEGER: metavalue detected, returning 0
at 15625 ps(2), Instance /tbench_eeprom_test/uut/EEPROM_MODULE/SPI_INST/Inst_FIFO_RX/ : Warning: NUMERIC_STD.TO_INTEGER: metavalue detected, returning 0
# restart
# run 3100.00us
Simulator is doing circuit initialization process.
at 0 ps, Instance /tbench_eeprom_test/uut/UART_MODULE/fifo_rx_unit/ : Warning: NUMERIC_STD.TO_INTEGER: metavalue detected, returning 0
at 0 ps, Instance /tbench_eeprom_test/uut/UART_MODULE/fifo_tx_unit/ : Warning: NUMERIC_STD.TO_INTEGER: metavalue detected, returning 0
at 0 ps, Instance /tbench_eeprom_test/uut/EEPROM_MODULE/SPI_INST/Inst_FIFO_TX/ : Warning: NUMERIC_STD.TO_INTEGER: metavalue detected, returning 0
at 0 ps, Instance /tbench_eeprom_test/uut/EEPROM_MODULE/SPI_INST/Inst_FIFO_RX/ : Warning: NUMERIC_STD.TO_INTEGER: metavalue detected, returning 0
Finished circuit initialization process.
at 15625 ps(2), Instance /tbench_eeprom_test/uut/UART_MODULE/fifo_rx_unit/ : Warning: NUMERIC_STD.TO_INTEGER: metavalue detected, returning 0
at 15625 ps(2), Instance /tbench_eeprom_test/uut/UART_MODULE/fifo_tx_unit/ : Warning: NUMERIC_STD.TO_INTEGER: metavalue detected, returning 0
at 15625 ps(2), Instance /tbench_eeprom_test/uut/EEPROM_MODULE/SPI_INST/Inst_FIFO_TX/ : Warning: NUMERIC_STD.TO_INTEGER: metavalue detected, returning 0
at 15625 ps(2), Instance /tbench_eeprom_test/uut/EEPROM_MODULE/SPI_INST/Inst_FIFO_RX/ : Warning: NUMERIC_STD.TO_INTEGER: metavalue detected, returning 0
ISim P.28xd (signature 0xa0883be4)
This is a Full version of ISim.
# run 1000 ns
Simulator is doing circuit initialization process.
at 0 ps, Instance /tbench_eeprom_test/uut/UART_MODULE/fifo_rx_unit/ : Warning: NUMERIC_STD.TO_INTEGER: metavalue detected, returning 0
at 0 ps, Instance /tbench_eeprom_test/uut/UART_MODULE/fifo_tx_unit/ : Warning: NUMERIC_STD.TO_INTEGER: metavalue detected, returning 0
at 0 ps, Instance /tbench_eeprom_test/uut/EEPROM_MODULE/SPI_INST/Inst_FIFO_TX/ : Warning: NUMERIC_STD.TO_INTEGER: metavalue detected, returning 0
at 0 ps, Instance /tbench_eeprom_test/uut/EEPROM_MODULE/SPI_INST/Inst_FIFO_RX/ : Warning: NUMERIC_STD.TO_INTEGER: metavalue detected, returning 0
Finished circuit initialization process.
at 15625 ps(2), Instance /tbench_eeprom_test/uut/UART_MODULE/fifo_rx_unit/ : Warning: NUMERIC_STD.TO_INTEGER: metavalue detected, returning 0
at 15625 ps(2), Instance /tbench_eeprom_test/uut/UART_MODULE/fifo_tx_unit/ : Warning: NUMERIC_STD.TO_INTEGER: metavalue detected, returning 0
at 15625 ps(2), Instance /tbench_eeprom_test/uut/EEPROM_MODULE/SPI_INST/Inst_FIFO_TX/ : Warning: NUMERIC_STD.TO_INTEGER: metavalue detected, returning 0
at 15625 ps(2), Instance /tbench_eeprom_test/uut/EEPROM_MODULE/SPI_INST/Inst_FIFO_RX/ : Warning: NUMERIC_STD.TO_INTEGER: metavalue detected, returning 0
# restart
# run 3100.00us
Simulator is doing circuit initialization process.
at 0 ps, Instance /tbench_eeprom_test/uut/UART_MODULE/fifo_rx_unit/ : Warning: NUMERIC_STD.TO_INTEGER: metavalue detected, returning 0
at 0 ps, Instance /tbench_eeprom_test/uut/UART_MODULE/fifo_tx_unit/ : Warning: NUMERIC_STD.TO_INTEGER: metavalue detected, returning 0
at 0 ps, Instance /tbench_eeprom_test/uut/EEPROM_MODULE/SPI_INST/Inst_FIFO_TX/ : Warning: NUMERIC_STD.TO_INTEGER: metavalue detected, returning 0
at 0 ps, Instance /tbench_eeprom_test/uut/EEPROM_MODULE/SPI_INST/Inst_FIFO_RX/ : Warning: NUMERIC_STD.TO_INTEGER: metavalue detected, returning 0
Finished circuit initialization process.
at 15625 ps(2), Instance /tbench_eeprom_test/uut/UART_MODULE/fifo_rx_unit/ : Warning: NUMERIC_STD.TO_INTEGER: metavalue detected, returning 0
at 15625 ps(2), Instance /tbench_eeprom_test/uut/UART_MODULE/fifo_tx_unit/ : Warning: NUMERIC_STD.TO_INTEGER: metavalue detected, returning 0
at 15625 ps(2), Instance /tbench_eeprom_test/uut/EEPROM_MODULE/SPI_INST/Inst_FIFO_TX/ : Warning: NUMERIC_STD.TO_INTEGER: metavalue detected, returning 0
at 15625 ps(2), Instance /tbench_eeprom_test/uut/EEPROM_MODULE/SPI_INST/Inst_FIFO_RX/ : Warning: NUMERIC_STD.TO_INTEGER: metavalue detected, returning 0
# restart
# run 3500.00us
Simulator is doing circuit initialization process.
at 0 ps, Instance /tbench_eeprom_test/uut/UART_MODULE/fifo_rx_unit/ : Warning: NUMERIC_STD.TO_INTEGER: metavalue detected, returning 0
at 0 ps, Instance /tbench_eeprom_test/uut/UART_MODULE/fifo_tx_unit/ : Warning: NUMERIC_STD.TO_INTEGER: metavalue detected, returning 0
at 0 ps, Instance /tbench_eeprom_test/uut/EEPROM_MODULE/SPI_INST/Inst_FIFO_TX/ : Warning: NUMERIC_STD.TO_INTEGER: metavalue detected, returning 0
at 0 ps, Instance /tbench_eeprom_test/uut/EEPROM_MODULE/SPI_INST/Inst_FIFO_RX/ : Warning: NUMERIC_STD.TO_INTEGER: metavalue detected, returning 0
Finished circuit initialization process.
at 15625 ps(2), Instance /tbench_eeprom_test/uut/UART_MODULE/fifo_rx_unit/ : Warning: NUMERIC_STD.TO_INTEGER: metavalue detected, returning 0
at 15625 ps(2), Instance /tbench_eeprom_test/uut/UART_MODULE/fifo_tx_unit/ : Warning: NUMERIC_STD.TO_INTEGER: metavalue detected, returning 0
at 15625 ps(2), Instance /tbench_eeprom_test/uut/EEPROM_MODULE/SPI_INST/Inst_FIFO_TX/ : Warning: NUMERIC_STD.TO_INTEGER: metavalue detected, returning 0
at 15625 ps(2), Instance /tbench_eeprom_test/uut/EEPROM_MODULE/SPI_INST/Inst_FIFO_RX/ : Warning: NUMERIC_STD.TO_INTEGER: metavalue detected, returning 0
# restart
# run 3500.00us
Simulator is doing circuit initialization process.
at 0 ps, Instance /tbench_eeprom_test/uut/UART_MODULE/fifo_rx_unit/ : Warning: NUMERIC_STD.TO_INTEGER: metavalue detected, returning 0
at 0 ps, Instance /tbench_eeprom_test/uut/UART_MODULE/fifo_tx_unit/ : Warning: NUMERIC_STD.TO_INTEGER: metavalue detected, returning 0
at 0 ps, Instance /tbench_eeprom_test/uut/EEPROM_MODULE/SPI_INST/Inst_FIFO_TX/ : Warning: NUMERIC_STD.TO_INTEGER: metavalue detected, returning 0
at 0 ps, Instance /tbench_eeprom_test/uut/EEPROM_MODULE/SPI_INST/Inst_FIFO_RX/ : Warning: NUMERIC_STD.TO_INTEGER: metavalue detected, returning 0
Finished circuit initialization process.
at 15625 ps(2), Instance /tbench_eeprom_test/uut/UART_MODULE/fifo_rx_unit/ : Warning: NUMERIC_STD.TO_INTEGER: metavalue detected, returning 0
at 15625 ps(2), Instance /tbench_eeprom_test/uut/UART_MODULE/fifo_tx_unit/ : Warning: NUMERIC_STD.TO_INTEGER: metavalue detected, returning 0
at 15625 ps(2), Instance /tbench_eeprom_test/uut/EEPROM_MODULE/SPI_INST/Inst_FIFO_TX/ : Warning: NUMERIC_STD.TO_INTEGER: metavalue detected, returning 0
at 15625 ps(2), Instance /tbench_eeprom_test/uut/EEPROM_MODULE/SPI_INST/Inst_FIFO_RX/ : Warning: NUMERIC_STD.TO_INTEGER: metavalue detected, returning 0
ISim P.28xd (signature 0xa0883be4)
This is a Full version of ISim.
# run 1000 ns
Simulator is doing circuit initialization process.
at 0 ps, Instance /tbench_eeprom_test/uut/UART_MODULE/fifo_rx_unit/ : Warning: NUMERIC_STD.TO_INTEGER: metavalue detected, returning 0
at 0 ps, Instance /tbench_eeprom_test/uut/UART_MODULE/fifo_tx_unit/ : Warning: NUMERIC_STD.TO_INTEGER: metavalue detected, returning 0
at 0 ps, Instance /tbench_eeprom_test/uut/EEPROM_MODULE/SPI_INST/Inst_FIFO_TX/ : Warning: NUMERIC_STD.TO_INTEGER: metavalue detected, returning 0
at 0 ps, Instance /tbench_eeprom_test/uut/EEPROM_MODULE/SPI_INST/Inst_FIFO_RX/ : Warning: NUMERIC_STD.TO_INTEGER: metavalue detected, returning 0
Finished circuit initialization process.
at 15625 ps(2), Instance /tbench_eeprom_test/uut/UART_MODULE/fifo_rx_unit/ : Warning: NUMERIC_STD.TO_INTEGER: metavalue detected, returning 0
at 15625 ps(2), Instance /tbench_eeprom_test/uut/UART_MODULE/fifo_tx_unit/ : Warning: NUMERIC_STD.TO_INTEGER: metavalue detected, returning 0
at 15625 ps(2), Instance /tbench_eeprom_test/uut/EEPROM_MODULE/SPI_INST/Inst_FIFO_TX/ : Warning: NUMERIC_STD.TO_INTEGER: metavalue detected, returning 0
at 15625 ps(2), Instance /tbench_eeprom_test/uut/EEPROM_MODULE/SPI_INST/Inst_FIFO_RX/ : Warning: NUMERIC_STD.TO_INTEGER: metavalue detected, returning 0
# restart
# run 3500.00us
Simulator is doing circuit initialization process.
at 0 ps, Instance /tbench_eeprom_test/uut/UART_MODULE/fifo_rx_unit/ : Warning: NUMERIC_STD.TO_INTEGER: metavalue detected, returning 0
at 0 ps, Instance /tbench_eeprom_test/uut/UART_MODULE/fifo_tx_unit/ : Warning: NUMERIC_STD.TO_INTEGER: metavalue detected, returning 0
at 0 ps, Instance /tbench_eeprom_test/uut/EEPROM_MODULE/SPI_INST/Inst_FIFO_TX/ : Warning: NUMERIC_STD.TO_INTEGER: metavalue detected, returning 0
at 0 ps, Instance /tbench_eeprom_test/uut/EEPROM_MODULE/SPI_INST/Inst_FIFO_RX/ : Warning: NUMERIC_STD.TO_INTEGER: metavalue detected, returning 0
Finished circuit initialization process.
at 15625 ps(2), Instance /tbench_eeprom_test/uut/UART_MODULE/fifo_rx_unit/ : Warning: NUMERIC_STD.TO_INTEGER: metavalue detected, returning 0
at 15625 ps(2), Instance /tbench_eeprom_test/uut/UART_MODULE/fifo_tx_unit/ : Warning: NUMERIC_STD.TO_INTEGER: metavalue detected, returning 0
at 15625 ps(2), Instance /tbench_eeprom_test/uut/EEPROM_MODULE/SPI_INST/Inst_FIFO_TX/ : Warning: NUMERIC_STD.TO_INTEGER: metavalue detected, returning 0
at 15625 ps(2), Instance /tbench_eeprom_test/uut/EEPROM_MODULE/SPI_INST/Inst_FIFO_RX/ : Warning: NUMERIC_STD.TO_INTEGER: metavalue detected, returning 0
# restart
# run 3500.00us
Simulator is doing circuit initialization process.
at 0 ps, Instance /tbench_eeprom_test/uut/UART_MODULE/fifo_rx_unit/ : Warning: NUMERIC_STD.TO_INTEGER: metavalue detected, returning 0
at 0 ps, Instance /tbench_eeprom_test/uut/UART_MODULE/fifo_tx_unit/ : Warning: NUMERIC_STD.TO_INTEGER: metavalue detected, returning 0
at 0 ps, Instance /tbench_eeprom_test/uut/EEPROM_MODULE/SPI_INST/Inst_FIFO_TX/ : Warning: NUMERIC_STD.TO_INTEGER: metavalue detected, returning 0
at 0 ps, Instance /tbench_eeprom_test/uut/EEPROM_MODULE/SPI_INST/Inst_FIFO_RX/ : Warning: NUMERIC_STD.TO_INTEGER: metavalue detected, returning 0
Finished circuit initialization process.
at 15625 ps(2), Instance /tbench_eeprom_test/uut/UART_MODULE/fifo_rx_unit/ : Warning: NUMERIC_STD.TO_INTEGER: metavalue detected, returning 0
at 15625 ps(2), Instance /tbench_eeprom_test/uut/UART_MODULE/fifo_tx_unit/ : Warning: NUMERIC_STD.TO_INTEGER: metavalue detected, returning 0
at 15625 ps(2), Instance /tbench_eeprom_test/uut/EEPROM_MODULE/SPI_INST/Inst_FIFO_TX/ : Warning: NUMERIC_STD.TO_INTEGER: metavalue detected, returning 0
at 15625 ps(2), Instance /tbench_eeprom_test/uut/EEPROM_MODULE/SPI_INST/Inst_FIFO_RX/ : Warning: NUMERIC_STD.TO_INTEGER: metavalue detected, returning 0
# restart
# run 3500.00us
Simulator is doing circuit initialization process.
at 0 ps, Instance /tbench_eeprom_test/uut/UART_MODULE/fifo_rx_unit/ : Warning: NUMERIC_STD.TO_INTEGER: metavalue detected, returning 0
at 0 ps, Instance /tbench_eeprom_test/uut/UART_MODULE/fifo_tx_unit/ : Warning: NUMERIC_STD.TO_INTEGER: metavalue detected, returning 0
at 0 ps, Instance /tbench_eeprom_test/uut/EEPROM_MODULE/SPI_INST/Inst_FIFO_TX/ : Warning: NUMERIC_STD.TO_INTEGER: metavalue detected, returning 0
at 0 ps, Instance /tbench_eeprom_test/uut/EEPROM_MODULE/SPI_INST/Inst_FIFO_RX/ : Warning: NUMERIC_STD.TO_INTEGER: metavalue detected, returning 0
Finished circuit initialization process.
at 15625 ps(2), Instance /tbench_eeprom_test/uut/UART_MODULE/fifo_rx_unit/ : Warning: NUMERIC_STD.TO_INTEGER: metavalue detected, returning 0
at 15625 ps(2), Instance /tbench_eeprom_test/uut/UART_MODULE/fifo_tx_unit/ : Warning: NUMERIC_STD.TO_INTEGER: metavalue detected, returning 0
at 15625 ps(2), Instance /tbench_eeprom_test/uut/EEPROM_MODULE/SPI_INST/Inst_FIFO_TX/ : Warning: NUMERIC_STD.TO_INTEGER: metavalue detected, returning 0
at 15625 ps(2), Instance /tbench_eeprom_test/uut/EEPROM_MODULE/SPI_INST/Inst_FIFO_RX/ : Warning: NUMERIC_STD.TO_INTEGER: metavalue detected, returning 0
ISim P.28xd (signature 0xa0883be4)
This is a Full version of ISim.
# run 1000 ns
Simulator is doing circuit initialization process.
at 0 ps, Instance /tbench_eeprom_test/uut/UART_MODULE/fifo_rx_unit/ : Warning: NUMERIC_STD.TO_INTEGER: metavalue detected, returning 0
at 0 ps, Instance /tbench_eeprom_test/uut/UART_MODULE/fifo_tx_unit/ : Warning: NUMERIC_STD.TO_INTEGER: metavalue detected, returning 0
at 0 ps, Instance /tbench_eeprom_test/uut/EEPROM_MODULE/SPI_INST/Inst_FIFO_TX/ : Warning: NUMERIC_STD.TO_INTEGER: metavalue detected, returning 0
at 0 ps, Instance /tbench_eeprom_test/uut/EEPROM_MODULE/SPI_INST/Inst_FIFO_RX/ : Warning: NUMERIC_STD.TO_INTEGER: metavalue detected, returning 0
Finished circuit initialization process.
at 15625 ps(2), Instance /tbench_eeprom_test/uut/UART_MODULE/fifo_rx_unit/ : Warning: NUMERIC_STD.TO_INTEGER: metavalue detected, returning 0
at 15625 ps(2), Instance /tbench_eeprom_test/uut/UART_MODULE/fifo_tx_unit/ : Warning: NUMERIC_STD.TO_INTEGER: metavalue detected, returning 0
at 15625 ps(2), Instance /tbench_eeprom_test/uut/EEPROM_MODULE/SPI_INST/Inst_FIFO_TX/ : Warning: NUMERIC_STD.TO_INTEGER: metavalue detected, returning 0
at 15625 ps(2), Instance /tbench_eeprom_test/uut/EEPROM_MODULE/SPI_INST/Inst_FIFO_RX/ : Warning: NUMERIC_STD.TO_INTEGER: metavalue detected, returning 0
# restart
# run 3500.00us
Simulator is doing circuit initialization process.
at 0 ps, Instance /tbench_eeprom_test/uut/UART_MODULE/fifo_rx_unit/ : Warning: NUMERIC_STD.TO_INTEGER: metavalue detected, returning 0
at 0 ps, Instance /tbench_eeprom_test/uut/UART_MODULE/fifo_tx_unit/ : Warning: NUMERIC_STD.TO_INTEGER: metavalue detected, returning 0
at 0 ps, Instance /tbench_eeprom_test/uut/EEPROM_MODULE/SPI_INST/Inst_FIFO_TX/ : Warning: NUMERIC_STD.TO_INTEGER: metavalue detected, returning 0
at 0 ps, Instance /tbench_eeprom_test/uut/EEPROM_MODULE/SPI_INST/Inst_FIFO_RX/ : Warning: NUMERIC_STD.TO_INTEGER: metavalue detected, returning 0
Finished circuit initialization process.
at 15625 ps(2), Instance /tbench_eeprom_test/uut/UART_MODULE/fifo_rx_unit/ : Warning: NUMERIC_STD.TO_INTEGER: metavalue detected, returning 0
at 15625 ps(2), Instance /tbench_eeprom_test/uut/UART_MODULE/fifo_tx_unit/ : Warning: NUMERIC_STD.TO_INTEGER: metavalue detected, returning 0
at 15625 ps(2), Instance /tbench_eeprom_test/uut/EEPROM_MODULE/SPI_INST/Inst_FIFO_TX/ : Warning: NUMERIC_STD.TO_INTEGER: metavalue detected, returning 0
at 15625 ps(2), Instance /tbench_eeprom_test/uut/EEPROM_MODULE/SPI_INST/Inst_FIFO_RX/ : Warning: NUMERIC_STD.TO_INTEGER: metavalue detected, returning 0
# restart
# run 350.00us
Simulator is doing circuit initialization process.
at 0 ps, Instance /tbench_eeprom_test/uut/UART_MODULE/fifo_rx_unit/ : Warning: NUMERIC_STD.TO_INTEGER: metavalue detected, returning 0
at 0 ps, Instance /tbench_eeprom_test/uut/UART_MODULE/fifo_tx_unit/ : Warning: NUMERIC_STD.TO_INTEGER: metavalue detected, returning 0
at 0 ps, Instance /tbench_eeprom_test/uut/EEPROM_MODULE/SPI_INST/Inst_FIFO_TX/ : Warning: NUMERIC_STD.TO_INTEGER: metavalue detected, returning 0
at 0 ps, Instance /tbench_eeprom_test/uut/EEPROM_MODULE/SPI_INST/Inst_FIFO_RX/ : Warning: NUMERIC_STD.TO_INTEGER: metavalue detected, returning 0
Finished circuit initialization process.
at 15625 ps(2), Instance /tbench_eeprom_test/uut/UART_MODULE/fifo_rx_unit/ : Warning: NUMERIC_STD.TO_INTEGER: metavalue detected, returning 0
at 15625 ps(2), Instance /tbench_eeprom_test/uut/UART_MODULE/fifo_tx_unit/ : Warning: NUMERIC_STD.TO_INTEGER: metavalue detected, returning 0
at 15625 ps(2), Instance /tbench_eeprom_test/uut/EEPROM_MODULE/SPI_INST/Inst_FIFO_TX/ : Warning: NUMERIC_STD.TO_INTEGER: metavalue detected, returning 0
at 15625 ps(2), Instance /tbench_eeprom_test/uut/EEPROM_MODULE/SPI_INST/Inst_FIFO_RX/ : Warning: NUMERIC_STD.TO_INTEGER: metavalue detected, returning 0
ISim P.28xd (signature 0xa0883be4)
This is a Full version of ISim.
# run 1000 ns
Simulator is doing circuit initialization process.
at 0 ps, Instance /tbench_eeprom_test/uut/UART_MODULE/fifo_rx_unit/ : Warning: NUMERIC_STD.TO_INTEGER: metavalue detected, returning 0
at 0 ps, Instance /tbench_eeprom_test/uut/UART_MODULE/fifo_tx_unit/ : Warning: NUMERIC_STD.TO_INTEGER: metavalue detected, returning 0
at 0 ps, Instance /tbench_eeprom_test/uut/EEPROM_MODULE/SPI_INST/Inst_FIFO_TX/ : Warning: NUMERIC_STD.TO_INTEGER: metavalue detected, returning 0
at 0 ps, Instance /tbench_eeprom_test/uut/EEPROM_MODULE/SPI_INST/Inst_FIFO_RX/ : Warning: NUMERIC_STD.TO_INTEGER: metavalue detected, returning 0
Finished circuit initialization process.
at 15625 ps(2), Instance /tbench_eeprom_test/uut/UART_MODULE/fifo_rx_unit/ : Warning: NUMERIC_STD.TO_INTEGER: metavalue detected, returning 0
at 15625 ps(2), Instance /tbench_eeprom_test/uut/UART_MODULE/fifo_tx_unit/ : Warning: NUMERIC_STD.TO_INTEGER: metavalue detected, returning 0
at 15625 ps(2), Instance /tbench_eeprom_test/uut/EEPROM_MODULE/SPI_INST/Inst_FIFO_TX/ : Warning: NUMERIC_STD.TO_INTEGER: metavalue detected, returning 0
at 15625 ps(2), Instance /tbench_eeprom_test/uut/EEPROM_MODULE/SPI_INST/Inst_FIFO_RX/ : Warning: NUMERIC_STD.TO_INTEGER: metavalue detected, returning 0
# restart
# run 350.00us
Simulator is doing circuit initialization process.
at 0 ps, Instance /tbench_eeprom_test/uut/UART_MODULE/fifo_rx_unit/ : Warning: NUMERIC_STD.TO_INTEGER: metavalue detected, returning 0
at 0 ps, Instance /tbench_eeprom_test/uut/UART_MODULE/fifo_tx_unit/ : Warning: NUMERIC_STD.TO_INTEGER: metavalue detected, returning 0
at 0 ps, Instance /tbench_eeprom_test/uut/EEPROM_MODULE/SPI_INST/Inst_FIFO_TX/ : Warning: NUMERIC_STD.TO_INTEGER: metavalue detected, returning 0
at 0 ps, Instance /tbench_eeprom_test/uut/EEPROM_MODULE/SPI_INST/Inst_FIFO_RX/ : Warning: NUMERIC_STD.TO_INTEGER: metavalue detected, returning 0
Finished circuit initialization process.
at 15625 ps(2), Instance /tbench_eeprom_test/uut/UART_MODULE/fifo_rx_unit/ : Warning: NUMERIC_STD.TO_INTEGER: metavalue detected, returning 0
at 15625 ps(2), Instance /tbench_eeprom_test/uut/UART_MODULE/fifo_tx_unit/ : Warning: NUMERIC_STD.TO_INTEGER: metavalue detected, returning 0
at 15625 ps(2), Instance /tbench_eeprom_test/uut/EEPROM_MODULE/SPI_INST/Inst_FIFO_TX/ : Warning: NUMERIC_STD.TO_INTEGER: metavalue detected, returning 0
at 15625 ps(2), Instance /tbench_eeprom_test/uut/EEPROM_MODULE/SPI_INST/Inst_FIFO_RX/ : Warning: NUMERIC_STD.TO_INTEGER: metavalue detected, returning 0
# restart
# run 350.00us
Simulator is doing circuit initialization process.
at 0 ps, Instance /tbench_eeprom_test/uut/UART_MODULE/fifo_rx_unit/ : Warning: NUMERIC_STD.TO_INTEGER: metavalue detected, returning 0
at 0 ps, Instance /tbench_eeprom_test/uut/UART_MODULE/fifo_tx_unit/ : Warning: NUMERIC_STD.TO_INTEGER: metavalue detected, returning 0
at 0 ps, Instance /tbench_eeprom_test/uut/EEPROM_MODULE/SPI_INST/Inst_FIFO_TX/ : Warning: NUMERIC_STD.TO_INTEGER: metavalue detected, returning 0
at 0 ps, Instance /tbench_eeprom_test/uut/EEPROM_MODULE/SPI_INST/Inst_FIFO_RX/ : Warning: NUMERIC_STD.TO_INTEGER: metavalue detected, returning 0
Finished circuit initialization process.
at 15625 ps(2), Instance /tbench_eeprom_test/uut/UART_MODULE/fifo_rx_unit/ : Warning: NUMERIC_STD.TO_INTEGER: metavalue detected, returning 0
at 15625 ps(2), Instance /tbench_eeprom_test/uut/UART_MODULE/fifo_tx_unit/ : Warning: NUMERIC_STD.TO_INTEGER: metavalue detected, returning 0
at 15625 ps(2), Instance /tbench_eeprom_test/uut/EEPROM_MODULE/SPI_INST/Inst_FIFO_TX/ : Warning: NUMERIC_STD.TO_INTEGER: metavalue detected, returning 0
at 15625 ps(2), Instance /tbench_eeprom_test/uut/EEPROM_MODULE/SPI_INST/Inst_FIFO_RX/ : Warning: NUMERIC_STD.TO_INTEGER: metavalue detected, returning 0
ISim P.28xd (signature 0xa0883be4)
This is a Full version of ISim.
# run 1000 ns
Simulator is doing circuit initialization process.
at 0 ps, Instance /tbench_eeprom_test/uut/UART_MODULE/fifo_rx_unit/ : Warning: NUMERIC_STD.TO_INTEGER: metavalue detected, returning 0
at 0 ps, Instance /tbench_eeprom_test/uut/UART_MODULE/fifo_tx_unit/ : Warning: NUMERIC_STD.TO_INTEGER: metavalue detected, returning 0
at 0 ps, Instance /tbench_eeprom_test/uut/EEPROM_MODULE/SPI_INST/Inst_FIFO_TX/ : Warning: NUMERIC_STD.TO_INTEGER: metavalue detected, returning 0
at 0 ps, Instance /tbench_eeprom_test/uut/EEPROM_MODULE/SPI_INST/Inst_FIFO_RX/ : Warning: NUMERIC_STD.TO_INTEGER: metavalue detected, returning 0
Finished circuit initialization process.
at 15625 ps(2), Instance /tbench_eeprom_test/uut/UART_MODULE/fifo_rx_unit/ : Warning: NUMERIC_STD.TO_INTEGER: metavalue detected, returning 0
at 15625 ps(2), Instance /tbench_eeprom_test/uut/UART_MODULE/fifo_tx_unit/ : Warning: NUMERIC_STD.TO_INTEGER: metavalue detected, returning 0
at 15625 ps(2), Instance /tbench_eeprom_test/uut/EEPROM_MODULE/SPI_INST/Inst_FIFO_TX/ : Warning: NUMERIC_STD.TO_INTEGER: metavalue detected, returning 0
at 15625 ps(2), Instance /tbench_eeprom_test/uut/EEPROM_MODULE/SPI_INST/Inst_FIFO_RX/ : Warning: NUMERIC_STD.TO_INTEGER: metavalue detected, returning 0
# restart
# run 350.00us
Simulator is doing circuit initialization process.
at 0 ps, Instance /tbench_eeprom_test/uut/UART_MODULE/fifo_rx_unit/ : Warning: NUMERIC_STD.TO_INTEGER: metavalue detected, returning 0
at 0 ps, Instance /tbench_eeprom_test/uut/UART_MODULE/fifo_tx_unit/ : Warning: NUMERIC_STD.TO_INTEGER: metavalue detected, returning 0
at 0 ps, Instance /tbench_eeprom_test/uut/EEPROM_MODULE/SPI_INST/Inst_FIFO_TX/ : Warning: NUMERIC_STD.TO_INTEGER: metavalue detected, returning 0
at 0 ps, Instance /tbench_eeprom_test/uut/EEPROM_MODULE/SPI_INST/Inst_FIFO_RX/ : Warning: NUMERIC_STD.TO_INTEGER: metavalue detected, returning 0
Finished circuit initialization process.
at 15625 ps(2), Instance /tbench_eeprom_test/uut/UART_MODULE/fifo_rx_unit/ : Warning: NUMERIC_STD.TO_INTEGER: metavalue detected, returning 0
at 15625 ps(2), Instance /tbench_eeprom_test/uut/UART_MODULE/fifo_tx_unit/ : Warning: NUMERIC_STD.TO_INTEGER: metavalue detected, returning 0
at 15625 ps(2), Instance /tbench_eeprom_test/uut/EEPROM_MODULE/SPI_INST/Inst_FIFO_TX/ : Warning: NUMERIC_STD.TO_INTEGER: metavalue detected, returning 0
at 15625 ps(2), Instance /tbench_eeprom_test/uut/EEPROM_MODULE/SPI_INST/Inst_FIFO_RX/ : Warning: NUMERIC_STD.TO_INTEGER: metavalue detected, returning 0
ISim P.28xd (signature 0xa0883be4)
This is a Full version of ISim.
# run 1000 ns
Simulator is doing circuit initialization process.
at 0 ps, Instance /tbench_eeprom_test/uut/UART_MODULE/fifo_rx_unit/ : Warning: NUMERIC_STD.TO_INTEGER: metavalue detected, returning 0
at 0 ps, Instance /tbench_eeprom_test/uut/UART_MODULE/fifo_tx_unit/ : Warning: NUMERIC_STD.TO_INTEGER: metavalue detected, returning 0
at 0 ps, Instance /tbench_eeprom_test/uut/EEPROM_MODULE/SPI_INST/Inst_FIFO_TX/ : Warning: NUMERIC_STD.TO_INTEGER: metavalue detected, returning 0
at 0 ps, Instance /tbench_eeprom_test/uut/EEPROM_MODULE/SPI_INST/Inst_FIFO_RX/ : Warning: NUMERIC_STD.TO_INTEGER: metavalue detected, returning 0
Finished circuit initialization process.
at 15625 ps(2), Instance /tbench_eeprom_test/uut/UART_MODULE/fifo_rx_unit/ : Warning: NUMERIC_STD.TO_INTEGER: metavalue detected, returning 0
at 15625 ps(2), Instance /tbench_eeprom_test/uut/UART_MODULE/fifo_tx_unit/ : Warning: NUMERIC_STD.TO_INTEGER: metavalue detected, returning 0
at 15625 ps(2), Instance /tbench_eeprom_test/uut/EEPROM_MODULE/SPI_INST/Inst_FIFO_TX/ : Warning: NUMERIC_STD.TO_INTEGER: metavalue detected, returning 0
at 15625 ps(2), Instance /tbench_eeprom_test/uut/EEPROM_MODULE/SPI_INST/Inst_FIFO_RX/ : Warning: NUMERIC_STD.TO_INTEGER: metavalue detected, returning 0
# restart
# run 350.00us
Simulator is doing circuit initialization process.
at 0 ps, Instance /tbench_eeprom_test/uut/UART_MODULE/fifo_rx_unit/ : Warning: NUMERIC_STD.TO_INTEGER: metavalue detected, returning 0
at 0 ps, Instance /tbench_eeprom_test/uut/UART_MODULE/fifo_tx_unit/ : Warning: NUMERIC_STD.TO_INTEGER: metavalue detected, returning 0
at 0 ps, Instance /tbench_eeprom_test/uut/EEPROM_MODULE/SPI_INST/Inst_FIFO_TX/ : Warning: NUMERIC_STD.TO_INTEGER: metavalue detected, returning 0
at 0 ps, Instance /tbench_eeprom_test/uut/EEPROM_MODULE/SPI_INST/Inst_FIFO_RX/ : Warning: NUMERIC_STD.TO_INTEGER: metavalue detected, returning 0
Finished circuit initialization process.
at 15625 ps(2), Instance /tbench_eeprom_test/uut/UART_MODULE/fifo_rx_unit/ : Warning: NUMERIC_STD.TO_INTEGER: metavalue detected, returning 0
at 15625 ps(2), Instance /tbench_eeprom_test/uut/UART_MODULE/fifo_tx_unit/ : Warning: NUMERIC_STD.TO_INTEGER: metavalue detected, returning 0
at 15625 ps(2), Instance /tbench_eeprom_test/uut/EEPROM_MODULE/SPI_INST/Inst_FIFO_TX/ : Warning: NUMERIC_STD.TO_INTEGER: metavalue detected, returning 0
at 15625 ps(2), Instance /tbench_eeprom_test/uut/EEPROM_MODULE/SPI_INST/Inst_FIFO_RX/ : Warning: NUMERIC_STD.TO_INTEGER: metavalue detected, returning 0
ISim P.28xd (signature 0xa0883be4)
This is a Full version of ISim.
# run 1000 ns
Simulator is doing circuit initialization process.
at 0 ps, Instance /tbench_eeprom_test/uut/UART_MODULE/fifo_rx_unit/ : Warning: NUMERIC_STD.TO_INTEGER: metavalue detected, returning 0
at 0 ps, Instance /tbench_eeprom_test/uut/UART_MODULE/fifo_tx_unit/ : Warning: NUMERIC_STD.TO_INTEGER: metavalue detected, returning 0
at 0 ps, Instance /tbench_eeprom_test/uut/EEPROM_MODULE/SPI_INST/Inst_FIFO_TX/ : Warning: NUMERIC_STD.TO_INTEGER: metavalue detected, returning 0
at 0 ps, Instance /tbench_eeprom_test/uut/EEPROM_MODULE/SPI_INST/Inst_FIFO_RX/ : Warning: NUMERIC_STD.TO_INTEGER: metavalue detected, returning 0
Finished circuit initialization process.
at 15625 ps(2), Instance /tbench_eeprom_test/uut/UART_MODULE/fifo_rx_unit/ : Warning: NUMERIC_STD.TO_INTEGER: metavalue detected, returning 0
at 15625 ps(2), Instance /tbench_eeprom_test/uut/UART_MODULE/fifo_tx_unit/ : Warning: NUMERIC_STD.TO_INTEGER: metavalue detected, returning 0
at 15625 ps(2), Instance /tbench_eeprom_test/uut/EEPROM_MODULE/SPI_INST/Inst_FIFO_TX/ : Warning: NUMERIC_STD.TO_INTEGER: metavalue detected, returning 0
at 15625 ps(2), Instance /tbench_eeprom_test/uut/EEPROM_MODULE/SPI_INST/Inst_FIFO_RX/ : Warning: NUMERIC_STD.TO_INTEGER: metavalue detected, returning 0
# restart
# run 350.00us
Simulator is doing circuit initialization process.
at 0 ps, Instance /tbench_eeprom_test/uut/UART_MODULE/fifo_rx_unit/ : Warning: NUMERIC_STD.TO_INTEGER: metavalue detected, returning 0
at 0 ps, Instance /tbench_eeprom_test/uut/UART_MODULE/fifo_tx_unit/ : Warning: NUMERIC_STD.TO_INTEGER: metavalue detected, returning 0
at 0 ps, Instance /tbench_eeprom_test/uut/EEPROM_MODULE/SPI_INST/Inst_FIFO_TX/ : Warning: NUMERIC_STD.TO_INTEGER: metavalue detected, returning 0
at 0 ps, Instance /tbench_eeprom_test/uut/EEPROM_MODULE/SPI_INST/Inst_FIFO_RX/ : Warning: NUMERIC_STD.TO_INTEGER: metavalue detected, returning 0
Finished circuit initialization process.
at 15625 ps(2), Instance /tbench_eeprom_test/uut/UART_MODULE/fifo_rx_unit/ : Warning: NUMERIC_STD.TO_INTEGER: metavalue detected, returning 0
at 15625 ps(2), Instance /tbench_eeprom_test/uut/UART_MODULE/fifo_tx_unit/ : Warning: NUMERIC_STD.TO_INTEGER: metavalue detected, returning 0
at 15625 ps(2), Instance /tbench_eeprom_test/uut/EEPROM_MODULE/SPI_INST/Inst_FIFO_TX/ : Warning: NUMERIC_STD.TO_INTEGER: metavalue detected, returning 0
at 15625 ps(2), Instance /tbench_eeprom_test/uut/EEPROM_MODULE/SPI_INST/Inst_FIFO_RX/ : Warning: NUMERIC_STD.TO_INTEGER: metavalue detected, returning 0
# restart
# run 350.00us
Simulator is doing circuit initialization process.
at 0 ps, Instance /tbench_eeprom_test/uut/UART_MODULE/fifo_rx_unit/ : Warning: NUMERIC_STD.TO_INTEGER: metavalue detected, returning 0
at 0 ps, Instance /tbench_eeprom_test/uut/UART_MODULE/fifo_tx_unit/ : Warning: NUMERIC_STD.TO_INTEGER: metavalue detected, returning 0
at 0 ps, Instance /tbench_eeprom_test/uut/EEPROM_MODULE/SPI_INST/Inst_FIFO_TX/ : Warning: NUMERIC_STD.TO_INTEGER: metavalue detected, returning 0
at 0 ps, Instance /tbench_eeprom_test/uut/EEPROM_MODULE/SPI_INST/Inst_FIFO_RX/ : Warning: NUMERIC_STD.TO_INTEGER: metavalue detected, returning 0
Finished circuit initialization process.
at 15625 ps(2), Instance /tbench_eeprom_test/uut/UART_MODULE/fifo_rx_unit/ : Warning: NUMERIC_STD.TO_INTEGER: metavalue detected, returning 0
at 15625 ps(2), Instance /tbench_eeprom_test/uut/UART_MODULE/fifo_tx_unit/ : Warning: NUMERIC_STD.TO_INTEGER: metavalue detected, returning 0
at 15625 ps(2), Instance /tbench_eeprom_test/uut/EEPROM_MODULE/SPI_INST/Inst_FIFO_TX/ : Warning: NUMERIC_STD.TO_INTEGER: metavalue detected, returning 0
at 15625 ps(2), Instance /tbench_eeprom_test/uut/EEPROM_MODULE/SPI_INST/Inst_FIFO_RX/ : Warning: NUMERIC_STD.TO_INTEGER: metavalue detected, returning 0
# restart
# run 350.00us
Simulator is doing circuit initialization process.
at 0 ps, Instance /tbench_eeprom_test/uut/UART_MODULE/fifo_rx_unit/ : Warning: NUMERIC_STD.TO_INTEGER: metavalue detected, returning 0
at 0 ps, Instance /tbench_eeprom_test/uut/UART_MODULE/fifo_tx_unit/ : Warning: NUMERIC_STD.TO_INTEGER: metavalue detected, returning 0
at 0 ps, Instance /tbench_eeprom_test/uut/EEPROM_MODULE/SPI_INST/Inst_FIFO_TX/ : Warning: NUMERIC_STD.TO_INTEGER: metavalue detected, returning 0
at 0 ps, Instance /tbench_eeprom_test/uut/EEPROM_MODULE/SPI_INST/Inst_FIFO_RX/ : Warning: NUMERIC_STD.TO_INTEGER: metavalue detected, returning 0
Finished circuit initialization process.
at 15625 ps(2), Instance /tbench_eeprom_test/uut/UART_MODULE/fifo_rx_unit/ : Warning: NUMERIC_STD.TO_INTEGER: metavalue detected, returning 0
at 15625 ps(2), Instance /tbench_eeprom_test/uut/UART_MODULE/fifo_tx_unit/ : Warning: NUMERIC_STD.TO_INTEGER: metavalue detected, returning 0
at 15625 ps(2), Instance /tbench_eeprom_test/uut/EEPROM_MODULE/SPI_INST/Inst_FIFO_TX/ : Warning: NUMERIC_STD.TO_INTEGER: metavalue detected, returning 0
at 15625 ps(2), Instance /tbench_eeprom_test/uut/EEPROM_MODULE/SPI_INST/Inst_FIFO_RX/ : Warning: NUMERIC_STD.TO_INTEGER: metavalue detected, returning 0
ISim P.28xd (signature 0xa0883be4)
This is a Full version of ISim.
# run 1000 ns
Simulator is doing circuit initialization process.
at 0 ps, Instance /tbench_eeprom_test/uut/UART_MODULE/fifo_rx_unit/ : Warning: NUMERIC_STD.TO_INTEGER: metavalue detected, returning 0
at 0 ps, Instance /tbench_eeprom_test/uut/UART_MODULE/fifo_tx_unit/ : Warning: NUMERIC_STD.TO_INTEGER: metavalue detected, returning 0
at 0 ps, Instance /tbench_eeprom_test/uut/EEPROM_MODULE/SPI_INST/Inst_FIFO_TX/ : Warning: NUMERIC_STD.TO_INTEGER: metavalue detected, returning 0
at 0 ps, Instance /tbench_eeprom_test/uut/EEPROM_MODULE/SPI_INST/Inst_FIFO_RX/ : Warning: NUMERIC_STD.TO_INTEGER: metavalue detected, returning 0
Finished circuit initialization process.
at 15625 ps(2), Instance /tbench_eeprom_test/uut/UART_MODULE/fifo_rx_unit/ : Warning: NUMERIC_STD.TO_INTEGER: metavalue detected, returning 0
at 15625 ps(2), Instance /tbench_eeprom_test/uut/UART_MODULE/fifo_tx_unit/ : Warning: NUMERIC_STD.TO_INTEGER: metavalue detected, returning 0
at 15625 ps(2), Instance /tbench_eeprom_test/uut/EEPROM_MODULE/SPI_INST/Inst_FIFO_TX/ : Warning: NUMERIC_STD.TO_INTEGER: metavalue detected, returning 0
at 15625 ps(2), Instance /tbench_eeprom_test/uut/EEPROM_MODULE/SPI_INST/Inst_FIFO_RX/ : Warning: NUMERIC_STD.TO_INTEGER: metavalue detected, returning 0
# restart
# run 350.00us
Simulator is doing circuit initialization process.
at 0 ps, Instance /tbench_eeprom_test/uut/UART_MODULE/fifo_rx_unit/ : Warning: NUMERIC_STD.TO_INTEGER: metavalue detected, returning 0
at 0 ps, Instance /tbench_eeprom_test/uut/UART_MODULE/fifo_tx_unit/ : Warning: NUMERIC_STD.TO_INTEGER: metavalue detected, returning 0
at 0 ps, Instance /tbench_eeprom_test/uut/EEPROM_MODULE/SPI_INST/Inst_FIFO_TX/ : Warning: NUMERIC_STD.TO_INTEGER: metavalue detected, returning 0
at 0 ps, Instance /tbench_eeprom_test/uut/EEPROM_MODULE/SPI_INST/Inst_FIFO_RX/ : Warning: NUMERIC_STD.TO_INTEGER: metavalue detected, returning 0
Finished circuit initialization process.
at 15625 ps(2), Instance /tbench_eeprom_test/uut/UART_MODULE/fifo_rx_unit/ : Warning: NUMERIC_STD.TO_INTEGER: metavalue detected, returning 0
at 15625 ps(2), Instance /tbench_eeprom_test/uut/UART_MODULE/fifo_tx_unit/ : Warning: NUMERIC_STD.TO_INTEGER: metavalue detected, returning 0
at 15625 ps(2), Instance /tbench_eeprom_test/uut/EEPROM_MODULE/SPI_INST/Inst_FIFO_TX/ : Warning: NUMERIC_STD.TO_INTEGER: metavalue detected, returning 0
at 15625 ps(2), Instance /tbench_eeprom_test/uut/EEPROM_MODULE/SPI_INST/Inst_FIFO_RX/ : Warning: NUMERIC_STD.TO_INTEGER: metavalue detected, returning 0
ISim P.28xd (signature 0xa0883be4)
This is a Full version of ISim.
# run 1000 ns
Simulator is doing circuit initialization process.
at 0 ps, Instance /tbench_eeprom_test/uut/UART_MODULE/fifo_rx_unit/ : Warning: NUMERIC_STD.TO_INTEGER: metavalue detected, returning 0
at 0 ps, Instance /tbench_eeprom_test/uut/UART_MODULE/fifo_tx_unit/ : Warning: NUMERIC_STD.TO_INTEGER: metavalue detected, returning 0
at 0 ps, Instance /tbench_eeprom_test/uut/EEPROM_MODULE/SPI_INST/Inst_FIFO_TX/ : Warning: NUMERIC_STD.TO_INTEGER: metavalue detected, returning 0
at 0 ps, Instance /tbench_eeprom_test/uut/EEPROM_MODULE/SPI_INST/Inst_FIFO_RX/ : Warning: NUMERIC_STD.TO_INTEGER: metavalue detected, returning 0
Finished circuit initialization process.
at 15625 ps(2), Instance /tbench_eeprom_test/uut/UART_MODULE/fifo_rx_unit/ : Warning: NUMERIC_STD.TO_INTEGER: metavalue detected, returning 0
at 15625 ps(2), Instance /tbench_eeprom_test/uut/UART_MODULE/fifo_tx_unit/ : Warning: NUMERIC_STD.TO_INTEGER: metavalue detected, returning 0
at 15625 ps(2), Instance /tbench_eeprom_test/uut/EEPROM_MODULE/SPI_INST/Inst_FIFO_TX/ : Warning: NUMERIC_STD.TO_INTEGER: metavalue detected, returning 0
at 15625 ps(2), Instance /tbench_eeprom_test/uut/EEPROM_MODULE/SPI_INST/Inst_FIFO_RX/ : Warning: NUMERIC_STD.TO_INTEGER: metavalue detected, returning 0
# restart
# run 350.00us
Simulator is doing circuit initialization process.
at 0 ps, Instance /tbench_eeprom_test/uut/UART_MODULE/fifo_rx_unit/ : Warning: NUMERIC_STD.TO_INTEGER: metavalue detected, returning 0
at 0 ps, Instance /tbench_eeprom_test/uut/UART_MODULE/fifo_tx_unit/ : Warning: NUMERIC_STD.TO_INTEGER: metavalue detected, returning 0
at 0 ps, Instance /tbench_eeprom_test/uut/EEPROM_MODULE/SPI_INST/Inst_FIFO_TX/ : Warning: NUMERIC_STD.TO_INTEGER: metavalue detected, returning 0
at 0 ps, Instance /tbench_eeprom_test/uut/EEPROM_MODULE/SPI_INST/Inst_FIFO_RX/ : Warning: NUMERIC_STD.TO_INTEGER: metavalue detected, returning 0
Finished circuit initialization process.
at 15625 ps(2), Instance /tbench_eeprom_test/uut/UART_MODULE/fifo_rx_unit/ : Warning: NUMERIC_STD.TO_INTEGER: metavalue detected, returning 0
at 15625 ps(2), Instance /tbench_eeprom_test/uut/UART_MODULE/fifo_tx_unit/ : Warning: NUMERIC_STD.TO_INTEGER: metavalue detected, returning 0
at 15625 ps(2), Instance /tbench_eeprom_test/uut/EEPROM_MODULE/SPI_INST/Inst_FIFO_TX/ : Warning: NUMERIC_STD.TO_INTEGER: metavalue detected, returning 0
at 15625 ps(2), Instance /tbench_eeprom_test/uut/EEPROM_MODULE/SPI_INST/Inst_FIFO_RX/ : Warning: NUMERIC_STD.TO_INTEGER: metavalue detected, returning 0
ISim P.28xd (signature 0xa0883be4)
This is a Full version of ISim.
# run 1000 ns
Simulator is doing circuit initialization process.
at 0 ps, Instance /tbench_eeprom_test/uut/UART_MODULE/fifo_rx_unit/ : Warning: NUMERIC_STD.TO_INTEGER: metavalue detected, returning 0
at 0 ps, Instance /tbench_eeprom_test/uut/UART_MODULE/fifo_tx_unit/ : Warning: NUMERIC_STD.TO_INTEGER: metavalue detected, returning 0
at 0 ps, Instance /tbench_eeprom_test/uut/EEPROM_MODULE/SPI_INST/Inst_FIFO_TX/ : Warning: NUMERIC_STD.TO_INTEGER: metavalue detected, returning 0
at 0 ps, Instance /tbench_eeprom_test/uut/EEPROM_MODULE/SPI_INST/Inst_FIFO_RX/ : Warning: NUMERIC_STD.TO_INTEGER: metavalue detected, returning 0
Finished circuit initialization process.
at 15625 ps(2), Instance /tbench_eeprom_test/uut/UART_MODULE/fifo_rx_unit/ : Warning: NUMERIC_STD.TO_INTEGER: metavalue detected, returning 0
at 15625 ps(2), Instance /tbench_eeprom_test/uut/UART_MODULE/fifo_tx_unit/ : Warning: NUMERIC_STD.TO_INTEGER: metavalue detected, returning 0
at 15625 ps(2), Instance /tbench_eeprom_test/uut/EEPROM_MODULE/SPI_INST/Inst_FIFO_TX/ : Warning: NUMERIC_STD.TO_INTEGER: metavalue detected, returning 0
at 15625 ps(2), Instance /tbench_eeprom_test/uut/EEPROM_MODULE/SPI_INST/Inst_FIFO_RX/ : Warning: NUMERIC_STD.TO_INTEGER: metavalue detected, returning 0
# restart
# run 350.00us
Simulator is doing circuit initialization process.
at 0 ps, Instance /tbench_eeprom_test/uut/UART_MODULE/fifo_rx_unit/ : Warning: NUMERIC_STD.TO_INTEGER: metavalue detected, returning 0
at 0 ps, Instance /tbench_eeprom_test/uut/UART_MODULE/fifo_tx_unit/ : Warning: NUMERIC_STD.TO_INTEGER: metavalue detected, returning 0
at 0 ps, Instance /tbench_eeprom_test/uut/EEPROM_MODULE/SPI_INST/Inst_FIFO_TX/ : Warning: NUMERIC_STD.TO_INTEGER: metavalue detected, returning 0
at 0 ps, Instance /tbench_eeprom_test/uut/EEPROM_MODULE/SPI_INST/Inst_FIFO_RX/ : Warning: NUMERIC_STD.TO_INTEGER: metavalue detected, returning 0
Finished circuit initialization process.
at 15625 ps(2), Instance /tbench_eeprom_test/uut/UART_MODULE/fifo_rx_unit/ : Warning: NUMERIC_STD.TO_INTEGER: metavalue detected, returning 0
at 15625 ps(2), Instance /tbench_eeprom_test/uut/UART_MODULE/fifo_tx_unit/ : Warning: NUMERIC_STD.TO_INTEGER: metavalue detected, returning 0
at 15625 ps(2), Instance /tbench_eeprom_test/uut/EEPROM_MODULE/SPI_INST/Inst_FIFO_TX/ : Warning: NUMERIC_STD.TO_INTEGER: metavalue detected, returning 0
at 15625 ps(2), Instance /tbench_eeprom_test/uut/EEPROM_MODULE/SPI_INST/Inst_FIFO_RX/ : Warning: NUMERIC_STD.TO_INTEGER: metavalue detected, returning 0
