ISim log file
Running: D:\GitHub\VHDL_Modules\Book_examples\UART\Echo_test_tbench_isim_beh.exe -intstyle ise -gui -tclbatch isim.cmd -wdb D:/GitHub/VHDL_Modules/Book_examples/UART/Echo_test_tbench_isim_beh.wdb 
ISim P.28xd (signature 0xa0883be4)
This is a Full version of ISim.
Time resolution is 1 ps
# onerror resume
# wave add /
# run 1000 ns
Simulator is doing circuit initialization process.
at 0 ps, Instance /echo_test_tbench/uut/UART_module/fifo_rx_unit/ : Warning: NUMERIC_STD.TO_INTEGER: metavalue detected, returning 0
at 0 ps, Instance /echo_test_tbench/uut/UART_module/fifo_tx_unit/ : Warning: NUMERIC_STD.TO_INTEGER: metavalue detected, returning 0
Finished circuit initialization process.
# restart
# run 1.00us
Simulator is doing circuit initialization process.
at 0 ps, Instance /echo_test_tbench/uut/UART_module/fifo_rx_unit/ : Warning: NUMERIC_STD.TO_INTEGER: metavalue detected, returning 0
at 0 ps, Instance /echo_test_tbench/uut/UART_module/fifo_tx_unit/ : Warning: NUMERIC_STD.TO_INTEGER: metavalue detected, returning 0
Finished circuit initialization process.
# restart
# run 10.00us
Simulator is doing circuit initialization process.
at 0 ps, Instance /echo_test_tbench/uut/UART_module/fifo_rx_unit/ : Warning: NUMERIC_STD.TO_INTEGER: metavalue detected, returning 0
at 0 ps, Instance /echo_test_tbench/uut/UART_module/fifo_tx_unit/ : Warning: NUMERIC_STD.TO_INTEGER: metavalue detected, returning 0
Finished circuit initialization process.
ISim P.28xd (signature 0xa0883be4)
This is a Full version of ISim.
# run 1000 ns
Simulator is doing circuit initialization process.
at 0 ps, Instance /echo_test_tbench/uut/UART_module/fifo_rx_unit/ : Warning: NUMERIC_STD.TO_INTEGER: metavalue detected, returning 0
at 0 ps, Instance /echo_test_tbench/uut/UART_module/fifo_tx_unit/ : Warning: NUMERIC_STD.TO_INTEGER: metavalue detected, returning 0
Finished circuit initialization process.
# restart
# run 10.00us
Simulator is doing circuit initialization process.
at 0 ps, Instance /echo_test_tbench/uut/UART_module/fifo_rx_unit/ : Warning: NUMERIC_STD.TO_INTEGER: metavalue detected, returning 0
at 0 ps, Instance /echo_test_tbench/uut/UART_module/fifo_tx_unit/ : Warning: NUMERIC_STD.TO_INTEGER: metavalue detected, returning 0
Finished circuit initialization process.
# restart
# run 10.00us
Simulator is doing circuit initialization process.
at 0 ps, Instance /echo_test_tbench/uut/UART_module/fifo_rx_unit/ : Warning: NUMERIC_STD.TO_INTEGER: metavalue detected, returning 0
at 0 ps, Instance /echo_test_tbench/uut/UART_module/fifo_tx_unit/ : Warning: NUMERIC_STD.TO_INTEGER: metavalue detected, returning 0
Finished circuit initialization process.
# restart
# run 10.00us
Simulator is doing circuit initialization process.
at 0 ps, Instance /echo_test_tbench/uut/UART_module/fifo_rx_unit/ : Warning: NUMERIC_STD.TO_INTEGER: metavalue detected, returning 0
at 0 ps, Instance /echo_test_tbench/uut/UART_module/fifo_tx_unit/ : Warning: NUMERIC_STD.TO_INTEGER: metavalue detected, returning 0
Finished circuit initialization process.
ISim P.28xd (signature 0xa0883be4)
This is a Full version of ISim.
# run 1000 ns
Simulator is doing circuit initialization process.
at 0 ps, Instance /echo_test_tbench/uut/UART_module/fifo_rx_unit/ : Warning: NUMERIC_STD.TO_INTEGER: metavalue detected, returning 0
at 0 ps, Instance /echo_test_tbench/uut/UART_module/fifo_tx_unit/ : Warning: NUMERIC_STD.TO_INTEGER: metavalue detected, returning 0
Finished circuit initialization process.
# restart
# run 10.00us
Simulator is doing circuit initialization process.
at 0 ps, Instance /echo_test_tbench/uut/UART_module/fifo_rx_unit/ : Warning: NUMERIC_STD.TO_INTEGER: metavalue detected, returning 0
at 0 ps, Instance /echo_test_tbench/uut/UART_module/fifo_tx_unit/ : Warning: NUMERIC_STD.TO_INTEGER: metavalue detected, returning 0
Finished circuit initialization process.
# restart
# run 100.00us
Simulator is doing circuit initialization process.
at 0 ps, Instance /echo_test_tbench/uut/UART_module/fifo_rx_unit/ : Warning: NUMERIC_STD.TO_INTEGER: metavalue detected, returning 0
at 0 ps, Instance /echo_test_tbench/uut/UART_module/fifo_tx_unit/ : Warning: NUMERIC_STD.TO_INTEGER: metavalue detected, returning 0
Finished circuit initialization process.
ISim P.28xd (signature 0xa0883be4)
This is a Full version of ISim.
# run 1000 ns
Simulator is doing circuit initialization process.
at 0 ps, Instance /echo_test_tbench/uut/UART_module/fifo_rx_unit/ : Warning: NUMERIC_STD.TO_INTEGER: metavalue detected, returning 0
at 0 ps, Instance /echo_test_tbench/uut/UART_module/fifo_tx_unit/ : Warning: NUMERIC_STD.TO_INTEGER: metavalue detected, returning 0
Finished circuit initialization process.
# restart
# run 100.00us
Simulator is doing circuit initialization process.
at 0 ps, Instance /echo_test_tbench/uut/UART_module/fifo_rx_unit/ : Warning: NUMERIC_STD.TO_INTEGER: metavalue detected, returning 0
at 0 ps, Instance /echo_test_tbench/uut/UART_module/fifo_tx_unit/ : Warning: NUMERIC_STD.TO_INTEGER: metavalue detected, returning 0
Finished circuit initialization process.
# restart
# run 1000.00us
Simulator is doing circuit initialization process.
at 0 ps, Instance /echo_test_tbench/uut/UART_module/fifo_rx_unit/ : Warning: NUMERIC_STD.TO_INTEGER: metavalue detected, returning 0
at 0 ps, Instance /echo_test_tbench/uut/UART_module/fifo_tx_unit/ : Warning: NUMERIC_STD.TO_INTEGER: metavalue detected, returning 0
Finished circuit initialization process.
# restart
# run 1000.00us
Simulator is doing circuit initialization process.
at 0 ps, Instance /echo_test_tbench/uut/UART_module/fifo_rx_unit/ : Warning: NUMERIC_STD.TO_INTEGER: metavalue detected, returning 0
at 0 ps, Instance /echo_test_tbench/uut/UART_module/fifo_tx_unit/ : Warning: NUMERIC_STD.TO_INTEGER: metavalue detected, returning 0
Finished circuit initialization process.
# restart
# run 1000.00us
Simulator is doing circuit initialization process.
at 0 ps, Instance /echo_test_tbench/uut/UART_module/fifo_rx_unit/ : Warning: NUMERIC_STD.TO_INTEGER: metavalue detected, returning 0
at 0 ps, Instance /echo_test_tbench/uut/UART_module/fifo_tx_unit/ : Warning: NUMERIC_STD.TO_INTEGER: metavalue detected, returning 0
Finished circuit initialization process.
# restart
# run 2000.00us
Simulator is doing circuit initialization process.
at 0 ps, Instance /echo_test_tbench/uut/UART_module/fifo_rx_unit/ : Warning: NUMERIC_STD.TO_INTEGER: metavalue detected, returning 0
at 0 ps, Instance /echo_test_tbench/uut/UART_module/fifo_tx_unit/ : Warning: NUMERIC_STD.TO_INTEGER: metavalue detected, returning 0
Finished circuit initialization process.
# restart
# run 2000.00us
Simulator is doing circuit initialization process.
at 0 ps, Instance /echo_test_tbench/uut/UART_module/fifo_rx_unit/ : Warning: NUMERIC_STD.TO_INTEGER: metavalue detected, returning 0
at 0 ps, Instance /echo_test_tbench/uut/UART_module/fifo_tx_unit/ : Warning: NUMERIC_STD.TO_INTEGER: metavalue detected, returning 0
Finished circuit initialization process.
ISim P.28xd (signature 0xa0883be4)
This is a Full version of ISim.
# run 1000 ns
Simulator is doing circuit initialization process.
at 0 ps, Instance /echo_test_tbench/uut/UART_module/fifo_rx_unit/ : Warning: NUMERIC_STD.TO_INTEGER: metavalue detected, returning 0
at 0 ps, Instance /echo_test_tbench/uut/UART_module/fifo_tx_unit/ : Warning: NUMERIC_STD.TO_INTEGER: metavalue detected, returning 0
Finished circuit initialization process.
# restart
# run 2000.00us
Simulator is doing circuit initialization process.
at 0 ps, Instance /echo_test_tbench/uut/UART_module/fifo_rx_unit/ : Warning: NUMERIC_STD.TO_INTEGER: metavalue detected, returning 0
at 0 ps, Instance /echo_test_tbench/uut/UART_module/fifo_tx_unit/ : Warning: NUMERIC_STD.TO_INTEGER: metavalue detected, returning 0
Finished circuit initialization process.
ISim P.28xd (signature 0xa0883be4)
This is a Full version of ISim.
# run 1000 ns
Simulator is doing circuit initialization process.
at 0 ps, Instance /echo_test_tbench/uut/UART_module/fifo_rx_unit/ : Warning: NUMERIC_STD.TO_INTEGER: metavalue detected, returning 0
at 0 ps, Instance /echo_test_tbench/uut/UART_module/fifo_tx_unit/ : Warning: NUMERIC_STD.TO_INTEGER: metavalue detected, returning 0
Finished circuit initialization process.
# restart
# run 2000.00us
Simulator is doing circuit initialization process.
at 0 ps, Instance /echo_test_tbench/uut/UART_module/fifo_rx_unit/ : Warning: NUMERIC_STD.TO_INTEGER: metavalue detected, returning 0
at 0 ps, Instance /echo_test_tbench/uut/UART_module/fifo_tx_unit/ : Warning: NUMERIC_STD.TO_INTEGER: metavalue detected, returning 0
Finished circuit initialization process.
# restart
# run 2000.00us
Simulator is doing circuit initialization process.
at 0 ps, Instance /echo_test_tbench/uut/UART_module/fifo_rx_unit/ : Warning: NUMERIC_STD.TO_INTEGER: metavalue detected, returning 0
at 0 ps, Instance /echo_test_tbench/uut/UART_module/fifo_tx_unit/ : Warning: NUMERIC_STD.TO_INTEGER: metavalue detected, returning 0
Finished circuit initialization process.
ISim P.28xd (signature 0xa0883be4)
This is a Full version of ISim.
# run 1000 ns
Simulator is doing circuit initialization process.
at 0 ps, Instance /echo_test_tbench/uut/UART_module/fifo_rx_unit/ : Warning: NUMERIC_STD.TO_INTEGER: metavalue detected, returning 0
at 0 ps, Instance /echo_test_tbench/uut/UART_module/fifo_tx_unit/ : Warning: NUMERIC_STD.TO_INTEGER: metavalue detected, returning 0
Finished circuit initialization process.
# restart
# run 2000.00us
Simulator is doing circuit initialization process.
at 0 ps, Instance /echo_test_tbench/uut/UART_module/fifo_rx_unit/ : Warning: NUMERIC_STD.TO_INTEGER: metavalue detected, returning 0
at 0 ps, Instance /echo_test_tbench/uut/UART_module/fifo_tx_unit/ : Warning: NUMERIC_STD.TO_INTEGER: metavalue detected, returning 0
Finished circuit initialization process.
ISim P.28xd (signature 0xa0883be4)
This is a Full version of ISim.
# run 1000 ns
Simulator is doing circuit initialization process.
at 0 ps, Instance /echo_test_tbench/uut/UART_module/fifo_rx_unit/ : Warning: NUMERIC_STD.TO_INTEGER: metavalue detected, returning 0
at 0 ps, Instance /echo_test_tbench/uut/UART_module/fifo_tx_unit/ : Warning: NUMERIC_STD.TO_INTEGER: metavalue detected, returning 0
Finished circuit initialization process.
# restart
# run 2000.00us
Simulator is doing circuit initialization process.
at 0 ps, Instance /echo_test_tbench/uut/UART_module/fifo_rx_unit/ : Warning: NUMERIC_STD.TO_INTEGER: metavalue detected, returning 0
at 0 ps, Instance /echo_test_tbench/uut/UART_module/fifo_tx_unit/ : Warning: NUMERIC_STD.TO_INTEGER: metavalue detected, returning 0
Finished circuit initialization process.
ISim P.28xd (signature 0xa0883be4)
This is a Full version of ISim.
# run 1000 ns
Simulator is doing circuit initialization process.
at 0 ps, Instance /echo_test_tbench/uut/UART_module/fifo_rx_unit/ : Warning: NUMERIC_STD.TO_INTEGER: metavalue detected, returning 0
at 0 ps, Instance /echo_test_tbench/uut/UART_module/fifo_tx_unit/ : Warning: NUMERIC_STD.TO_INTEGER: metavalue detected, returning 0
Finished circuit initialization process.
# restart
# run 2000.00us
Simulator is doing circuit initialization process.
at 0 ps, Instance /echo_test_tbench/uut/UART_module/fifo_rx_unit/ : Warning: NUMERIC_STD.TO_INTEGER: metavalue detected, returning 0
at 0 ps, Instance /echo_test_tbench/uut/UART_module/fifo_tx_unit/ : Warning: NUMERIC_STD.TO_INTEGER: metavalue detected, returning 0
Finished circuit initialization process.
# restart
# run 2000.00us
Simulator is doing circuit initialization process.
at 0 ps, Instance /echo_test_tbench/uut/UART_module/fifo_rx_unit/ : Warning: NUMERIC_STD.TO_INTEGER: metavalue detected, returning 0
at 0 ps, Instance /echo_test_tbench/uut/UART_module/fifo_tx_unit/ : Warning: NUMERIC_STD.TO_INTEGER: metavalue detected, returning 0
Finished circuit initialization process.
ISim P.28xd (signature 0xa0883be4)
This is a Full version of ISim.
# run 1000 ns
Simulator is doing circuit initialization process.
at 0 ps, Instance /echo_test_tbench/uut/UART_module/fifo_rx_unit/ : Warning: NUMERIC_STD.TO_INTEGER: metavalue detected, returning 0
at 0 ps, Instance /echo_test_tbench/uut/UART_module/fifo_tx_unit/ : Warning: NUMERIC_STD.TO_INTEGER: metavalue detected, returning 0
Finished circuit initialization process.
# restart
# run 2000.00us
Simulator is doing circuit initialization process.
at 0 ps, Instance /echo_test_tbench/uut/UART_module/fifo_rx_unit/ : Warning: NUMERIC_STD.TO_INTEGER: metavalue detected, returning 0
at 0 ps, Instance /echo_test_tbench/uut/UART_module/fifo_tx_unit/ : Warning: NUMERIC_STD.TO_INTEGER: metavalue detected, returning 0
Finished circuit initialization process.
ISim P.28xd (signature 0xa0883be4)
This is a Full version of ISim.
# run 1000 ns
Simulator is doing circuit initialization process.
at 0 ps, Instance /echo_test_tbench/uut/UART_module/fifo_rx_unit/ : Warning: NUMERIC_STD.TO_INTEGER: metavalue detected, returning 0
at 0 ps, Instance /echo_test_tbench/uut/UART_module/fifo_tx_unit/ : Warning: NUMERIC_STD.TO_INTEGER: metavalue detected, returning 0
Finished circuit initialization process.
# restart
# run 2000.00us
Simulator is doing circuit initialization process.
at 0 ps, Instance /echo_test_tbench/uut/UART_module/fifo_rx_unit/ : Warning: NUMERIC_STD.TO_INTEGER: metavalue detected, returning 0
at 0 ps, Instance /echo_test_tbench/uut/UART_module/fifo_tx_unit/ : Warning: NUMERIC_STD.TO_INTEGER: metavalue detected, returning 0
Finished circuit initialization process.
# restart
ISim P.28xd (signature 0xa0883be4)
This is a Full version of ISim.
# run 1000 ns
Simulator is doing circuit initialization process.
at 0 ps, Instance /echo_test_tbench/uut/UART_module/fifo_rx_unit/ : Warning: NUMERIC_STD.TO_INTEGER: metavalue detected, returning 0
at 0 ps, Instance /echo_test_tbench/uut/UART_module/fifo_tx_unit/ : Warning: NUMERIC_STD.TO_INTEGER: metavalue detected, returning 0
Finished circuit initialization process.
# restart
# run 2000.00us
Simulator is doing circuit initialization process.
at 0 ps, Instance /echo_test_tbench/uut/UART_module/fifo_rx_unit/ : Warning: NUMERIC_STD.TO_INTEGER: metavalue detected, returning 0
at 0 ps, Instance /echo_test_tbench/uut/UART_module/fifo_tx_unit/ : Warning: NUMERIC_STD.TO_INTEGER: metavalue detected, returning 0
Finished circuit initialization process.
# restart
# run 2000.00us
Simulator is doing circuit initialization process.
at 0 ps, Instance /echo_test_tbench/uut/UART_module/fifo_rx_unit/ : Warning: NUMERIC_STD.TO_INTEGER: metavalue detected, returning 0
at 0 ps, Instance /echo_test_tbench/uut/UART_module/fifo_tx_unit/ : Warning: NUMERIC_STD.TO_INTEGER: metavalue detected, returning 0
Finished circuit initialization process.
# restart
# run 2000.00us
Simulator is doing circuit initialization process.
at 0 ps, Instance /echo_test_tbench/uut/UART_module/fifo_rx_unit/ : Warning: NUMERIC_STD.TO_INTEGER: metavalue detected, returning 0
at 0 ps, Instance /echo_test_tbench/uut/UART_module/fifo_tx_unit/ : Warning: NUMERIC_STD.TO_INTEGER: metavalue detected, returning 0
Finished circuit initialization process.
# restart
# run 2000.00us
Simulator is doing circuit initialization process.
at 0 ps, Instance /echo_test_tbench/uut/UART_module/fifo_rx_unit/ : Warning: NUMERIC_STD.TO_INTEGER: metavalue detected, returning 0
at 0 ps, Instance /echo_test_tbench/uut/UART_module/fifo_tx_unit/ : Warning: NUMERIC_STD.TO_INTEGER: metavalue detected, returning 0
Finished circuit initialization process.
# restart
# run 2000.00us
Simulator is doing circuit initialization process.
at 0 ps, Instance /echo_test_tbench/uut/UART_module/fifo_rx_unit/ : Warning: NUMERIC_STD.TO_INTEGER: metavalue detected, returning 0
at 0 ps, Instance /echo_test_tbench/uut/UART_module/fifo_tx_unit/ : Warning: NUMERIC_STD.TO_INTEGER: metavalue detected, returning 0
Finished circuit initialization process.
# restart
# run 2000.00us
Simulator is doing circuit initialization process.
at 0 ps, Instance /echo_test_tbench/uut/UART_module/fifo_rx_unit/ : Warning: NUMERIC_STD.TO_INTEGER: metavalue detected, returning 0
at 0 ps, Instance /echo_test_tbench/uut/UART_module/fifo_tx_unit/ : Warning: NUMERIC_STD.TO_INTEGER: metavalue detected, returning 0
Finished circuit initialization process.
# restart
# run 2000.00us
Simulator is doing circuit initialization process.
at 0 ps, Instance /echo_test_tbench/uut/UART_module/fifo_rx_unit/ : Warning: NUMERIC_STD.TO_INTEGER: metavalue detected, returning 0
at 0 ps, Instance /echo_test_tbench/uut/UART_module/fifo_tx_unit/ : Warning: NUMERIC_STD.TO_INTEGER: metavalue detected, returning 0
Finished circuit initialization process.
# restart
# run 2000.00us
Simulator is doing circuit initialization process.
at 0 ps, Instance /echo_test_tbench/uut/UART_module/fifo_rx_unit/ : Warning: NUMERIC_STD.TO_INTEGER: metavalue detected, returning 0
at 0 ps, Instance /echo_test_tbench/uut/UART_module/fifo_tx_unit/ : Warning: NUMERIC_STD.TO_INTEGER: metavalue detected, returning 0
Finished circuit initialization process.
ISim P.28xd (signature 0xa0883be4)
This is a Full version of ISim.
# run 1000 ns
Simulator is doing circuit initialization process.
at 0 ps, Instance /echo_test_tbench/uut/UART_module/fifo_rx_unit/ : Warning: NUMERIC_STD.TO_INTEGER: metavalue detected, returning 0
at 0 ps, Instance /echo_test_tbench/uut/UART_module/fifo_tx_unit/ : Warning: NUMERIC_STD.TO_INTEGER: metavalue detected, returning 0
Finished circuit initialization process.
# restart
# run 2000.00us
Simulator is doing circuit initialization process.
at 0 ps, Instance /echo_test_tbench/uut/UART_module/fifo_rx_unit/ : Warning: NUMERIC_STD.TO_INTEGER: metavalue detected, returning 0
at 0 ps, Instance /echo_test_tbench/uut/UART_module/fifo_tx_unit/ : Warning: NUMERIC_STD.TO_INTEGER: metavalue detected, returning 0
Finished circuit initialization process.
ISim P.28xd (signature 0xa0883be4)
This is a Full version of ISim.
# run 1000 ns
Simulator is doing circuit initialization process.
at 0 ps, Instance /echo_test_tbench/uut/UART_module/fifo_rx_unit/ : Warning: NUMERIC_STD.TO_INTEGER: metavalue detected, returning 0
at 0 ps, Instance /echo_test_tbench/uut/UART_module/fifo_tx_unit/ : Warning: NUMERIC_STD.TO_INTEGER: metavalue detected, returning 0
Finished circuit initialization process.
# restart
# run 2000.00us
Simulator is doing circuit initialization process.
at 0 ps, Instance /echo_test_tbench/uut/UART_module/fifo_rx_unit/ : Warning: NUMERIC_STD.TO_INTEGER: metavalue detected, returning 0
at 0 ps, Instance /echo_test_tbench/uut/UART_module/fifo_tx_unit/ : Warning: NUMERIC_STD.TO_INTEGER: metavalue detected, returning 0
Finished circuit initialization process.
# restart
# run 2000.00us
Simulator is doing circuit initialization process.
at 0 ps, Instance /echo_test_tbench/uut/UART_module/fifo_rx_unit/ : Warning: NUMERIC_STD.TO_INTEGER: metavalue detected, returning 0
at 0 ps, Instance /echo_test_tbench/uut/UART_module/fifo_tx_unit/ : Warning: NUMERIC_STD.TO_INTEGER: metavalue detected, returning 0
Finished circuit initialization process.
# restart
# run 2000.00us
Simulator is doing circuit initialization process.
at 0 ps, Instance /echo_test_tbench/uut/UART_module/fifo_rx_unit/ : Warning: NUMERIC_STD.TO_INTEGER: metavalue detected, returning 0
at 0 ps, Instance /echo_test_tbench/uut/UART_module/fifo_tx_unit/ : Warning: NUMERIC_STD.TO_INTEGER: metavalue detected, returning 0
Finished circuit initialization process.
ISim P.28xd (signature 0xa0883be4)
This is a Full version of ISim.
# run 1000 ns
Simulator is doing circuit initialization process.
at 0 ps, Instance /echo_test_tbench/uut/UART_module/fifo_rx_unit/ : Warning: NUMERIC_STD.TO_INTEGER: metavalue detected, returning 0
at 0 ps, Instance /echo_test_tbench/uut/UART_module/fifo_tx_unit/ : Warning: NUMERIC_STD.TO_INTEGER: metavalue detected, returning 0
Finished circuit initialization process.
# restart
# run 2000.00us
Simulator is doing circuit initialization process.
at 0 ps, Instance /echo_test_tbench/uut/UART_module/fifo_rx_unit/ : Warning: NUMERIC_STD.TO_INTEGER: metavalue detected, returning 0
at 0 ps, Instance /echo_test_tbench/uut/UART_module/fifo_tx_unit/ : Warning: NUMERIC_STD.TO_INTEGER: metavalue detected, returning 0
Finished circuit initialization process.
ISim P.28xd (signature 0xa0883be4)
This is a Full version of ISim.
# run 1000 ns
Simulator is doing circuit initialization process.
at 0 ps, Instance /echo_test_tbench/uut/UART_module/fifo_rx_unit/ : Warning: NUMERIC_STD.TO_INTEGER: metavalue detected, returning 0
at 0 ps, Instance /echo_test_tbench/uut/UART_module/fifo_tx_unit/ : Warning: NUMERIC_STD.TO_INTEGER: metavalue detected, returning 0
Finished circuit initialization process.
# restart
# run 2000.00us
Simulator is doing circuit initialization process.
at 0 ps, Instance /echo_test_tbench/uut/UART_module/fifo_rx_unit/ : Warning: NUMERIC_STD.TO_INTEGER: metavalue detected, returning 0
at 0 ps, Instance /echo_test_tbench/uut/UART_module/fifo_tx_unit/ : Warning: NUMERIC_STD.TO_INTEGER: metavalue detected, returning 0
Finished circuit initialization process.
ISim P.28xd (signature 0xa0883be4)
This is a Full version of ISim.
# run 1000 ns
Simulator is doing circuit initialization process.
at 0 ps, Instance /echo_test_tbench/uut/UART_module/fifo_rx_unit/ : Warning: NUMERIC_STD.TO_INTEGER: metavalue detected, returning 0
at 0 ps, Instance /echo_test_tbench/uut/UART_module/fifo_tx_unit/ : Warning: NUMERIC_STD.TO_INTEGER: metavalue detected, returning 0
Finished circuit initialization process.
# restart
# run 2000.00us
Simulator is doing circuit initialization process.
at 0 ps, Instance /echo_test_tbench/uut/UART_module/fifo_rx_unit/ : Warning: NUMERIC_STD.TO_INTEGER: metavalue detected, returning 0
at 0 ps, Instance /echo_test_tbench/uut/UART_module/fifo_tx_unit/ : Warning: NUMERIC_STD.TO_INTEGER: metavalue detected, returning 0
Finished circuit initialization process.
ISim P.28xd (signature 0xa0883be4)
This is a Full version of ISim.
# run 1000 ns
Simulator is doing circuit initialization process.
at 0 ps, Instance /echo_test_tbench/uut/UART_module/fifo_rx_unit/ : Warning: NUMERIC_STD.TO_INTEGER: metavalue detected, returning 0
at 0 ps, Instance /echo_test_tbench/uut/UART_module/fifo_tx_unit/ : Warning: NUMERIC_STD.TO_INTEGER: metavalue detected, returning 0
Finished circuit initialization process.
# restart
# run 2000.00us
Simulator is doing circuit initialization process.
at 0 ps, Instance /echo_test_tbench/uut/UART_module/fifo_rx_unit/ : Warning: NUMERIC_STD.TO_INTEGER: metavalue detected, returning 0
at 0 ps, Instance /echo_test_tbench/uut/UART_module/fifo_tx_unit/ : Warning: NUMERIC_STD.TO_INTEGER: metavalue detected, returning 0
Finished circuit initialization process.
ISim P.28xd (signature 0xa0883be4)
This is a Full version of ISim.
# run 1000 ns
Simulator is doing circuit initialization process.
at 0 ps, Instance /echo_test_tbench/uut/UART_module/fifo_rx_unit/ : Warning: NUMERIC_STD.TO_INTEGER: metavalue detected, returning 0
at 0 ps, Instance /echo_test_tbench/uut/UART_module/fifo_tx_unit/ : Warning: NUMERIC_STD.TO_INTEGER: metavalue detected, returning 0
Finished circuit initialization process.
# restart
# run 2000.00us
Simulator is doing circuit initialization process.
at 0 ps, Instance /echo_test_tbench/uut/UART_module/fifo_rx_unit/ : Warning: NUMERIC_STD.TO_INTEGER: metavalue detected, returning 0
at 0 ps, Instance /echo_test_tbench/uut/UART_module/fifo_tx_unit/ : Warning: NUMERIC_STD.TO_INTEGER: metavalue detected, returning 0
Finished circuit initialization process.
# restart
# run 2000.00us
Simulator is doing circuit initialization process.
at 0 ps, Instance /echo_test_tbench/uut/UART_module/fifo_rx_unit/ : Warning: NUMERIC_STD.TO_INTEGER: metavalue detected, returning 0
at 0 ps, Instance /echo_test_tbench/uut/UART_module/fifo_tx_unit/ : Warning: NUMERIC_STD.TO_INTEGER: metavalue detected, returning 0
Finished circuit initialization process.
ISim P.28xd (signature 0xa0883be4)
This is a Full version of ISim.
# run 1000 ns
Simulator is doing circuit initialization process.
at 0 ps, Instance /echo_test_tbench/uut/UART_module/fifo_rx_unit/ : Warning: NUMERIC_STD.TO_INTEGER: metavalue detected, returning 0
at 0 ps, Instance /echo_test_tbench/uut/UART_module/fifo_tx_unit/ : Warning: NUMERIC_STD.TO_INTEGER: metavalue detected, returning 0
Finished circuit initialization process.
# restart
# run 2000.00us
Simulator is doing circuit initialization process.
at 0 ps, Instance /echo_test_tbench/uut/UART_module/fifo_rx_unit/ : Warning: NUMERIC_STD.TO_INTEGER: metavalue detected, returning 0
at 0 ps, Instance /echo_test_tbench/uut/UART_module/fifo_tx_unit/ : Warning: NUMERIC_STD.TO_INTEGER: metavalue detected, returning 0
Finished circuit initialization process.
ISim P.28xd (signature 0xa0883be4)
This is a Full version of ISim.
# run 1000 ns
Simulator is doing circuit initialization process.
at 0 ps, Instance /echo_test_tbench/uut/UART_module/fifo_rx_unit/ : Warning: NUMERIC_STD.TO_INTEGER: metavalue detected, returning 0
at 0 ps, Instance /echo_test_tbench/uut/UART_module/fifo_tx_unit/ : Warning: NUMERIC_STD.TO_INTEGER: metavalue detected, returning 0
Finished circuit initialization process.
# restart
# run 2000.00us
Simulator is doing circuit initialization process.
at 0 ps, Instance /echo_test_tbench/uut/UART_module/fifo_rx_unit/ : Warning: NUMERIC_STD.TO_INTEGER: metavalue detected, returning 0
at 0 ps, Instance /echo_test_tbench/uut/UART_module/fifo_tx_unit/ : Warning: NUMERIC_STD.TO_INTEGER: metavalue detected, returning 0
Finished circuit initialization process.
# restart
ISim P.28xd (signature 0xa0883be4)
This is a Full version of ISim.
# run 1000 ns
Simulator is doing circuit initialization process.
at 0 ps, Instance /echo_test_tbench/uut/UART_module/fifo_rx_unit/ : Warning: NUMERIC_STD.TO_INTEGER: metavalue detected, returning 0
at 0 ps, Instance /echo_test_tbench/uut/UART_module/fifo_tx_unit/ : Warning: NUMERIC_STD.TO_INTEGER: metavalue detected, returning 0
Finished circuit initialization process.
# restart
# run 2000.00us
Simulator is doing circuit initialization process.
at 0 ps, Instance /echo_test_tbench/uut/UART_module/fifo_rx_unit/ : Warning: NUMERIC_STD.TO_INTEGER: metavalue detected, returning 0
at 0 ps, Instance /echo_test_tbench/uut/UART_module/fifo_tx_unit/ : Warning: NUMERIC_STD.TO_INTEGER: metavalue detected, returning 0
Finished circuit initialization process.
